2019-03-12_18-37-58/[INF]/Please toggle to the virtualpiano window. You have 5 seconds.
2019-03-12_18-38-03/[INF]/Starting playback of midi file
2019-03-12_18-38-03/[DBG]/Skipping over a message because there was no note value e/'Message' object has no attribute 'note'
2019-03-12_18-38-03/[DBG]/Skipping over a message because there was no note value e/'Message' object has no attribute 'note'
2019-03-12_18-38-03/[DBG]/Skipping over a message because there was no note value e/'Message' object has no attribute 'note'
2019-03-12_18-38-03/[DBG]/Skipping over a message because there was no note value e/'Message' object has no attribute 'note'
2019-03-12_18-38-03/[DBG]/Skipping over a message because there was no note value e/'Message' object has no attribute 'note'
2019-03-12_18-38-03/[DBG]/Skipping over a message because there was no note value e/'Message' object has no attribute 'note'
2019-03-12_18-38-03/[DBG]/Parsed note 40 as 3
2019-03-12_18-38-03/[DBG]/Parsed note 40 as 3
2019-03-12_18-38-04/[DBG]/Parsed note 40 as 3
2019-03-12_18-38-04/[DBG]/Parsed note 40 as 3
2019-03-12_18-38-04/[DBG]/Parsed note 40 as 3
2019-03-12_18-38-04/[DBG]/Parsed note 40 as 3
2019-03-12_18-38-04/[DBG]/Parsed note 40 as 3
2019-03-12_18-38-05/[DBG]/Parsed note 40 as 3
2019-03-12_18-38-05/[DBG]/Parsed note 40 as 3
2019-03-12_18-38-05/[DBG]/Parsed note 40 as 3
2019-03-12_18-38-05/[DBG]/Parsed note 40 as 3
2019-03-12_18-38-05/[DBG]/Parsed note 40 as 3
2019-03-12_18-38-05/[DBG]/Parsed note 40 as 3
2019-03-12_18-38-05/[DBG]/Parsed note 40 as 3
2019-03-12_18-38-06/[DBG]/Parsed note 40 as 3
2019-03-12_18-38-06/[DBG]/Parsed note 40 as 3
2019-03-12_18-38-06/[DBG]/Parsed note 40 as 3
2019-03-12_18-38-06/[DBG]/Parsed note 40 as 3
2019-03-12_18-38-06/[DBG]/Parsed note 40 as 3
2019-03-12_18-38-07/[DBG]/Parsed note 40 as 3
2019-03-12_18-38-07/[DBG]/Parsed note 40 as 3
2019-03-12_18-38-07/[DBG]/Parsed note 40 as 3
2019-03-12_18-38-07/[DBG]/Parsed note 40 as 3
2019-03-12_18-38-07/[DBG]/Parsed note 40 as 3
2019-03-12_18-38-08/[DBG]/Parsed note 40 as 3
2019-03-12_18-38-08/[DBG]/Parsed note 40 as 3
2019-03-12_18-38-08/[DBG]/Parsed note 40 as 3
2019-03-12_18-38-08/[DBG]/Parsed note 40 as 3
2019-03-12_18-38-08/[DBG]/Parsed note 40 as 3
2019-03-12_18-38-09/[DBG]/Parsed note 40 as 3
2019-03-12_18-38-09/[DBG]/Parsed note 40 as 3
2019-03-12_18-38-09/[DBG]/Parsed note 40 as 3
2019-03-12_18-38-09/[DBG]/Parsed note 40 as 3
2019-03-12_18-38-09/[DBG]/Parsed note 40 as 3
2019-03-12_18-38-09/[DBG]/Parsed note 40 as 3
2019-03-12_18-38-09/[DBG]/Parsed note 40 as 3
2019-03-12_18-38-09/[DBG]/Parsed note 40 as 3
2019-03-12_18-38-10/[DBG]/Parsed note 40 as 3
2019-03-12_18-38-10/[DBG]/Parsed note 40 as 3
2019-03-12_18-38-10/[DBG]/Parsed note 40 as 3
2019-03-12_18-38-10/[DBG]/Parsed note 40 as 3
2019-03-12_18-38-10/[DBG]/Parsed note 40 as 3
2019-03-12_18-38-10/[DBG]/Parsed note 40 as 3
2019-03-12_18-38-10/[DBG]/Parsed note 40 as 3
2019-03-12_18-38-10/[DBG]/Parsed note 40 as 3
2019-03-12_18-38-11/[DBG]/Parsed note 40 as 3
2019-03-12_18-38-11/[DBG]/Parsed note 40 as 3
2019-03-12_18-38-11/[DBG]/Parsed note 40 as 3
2019-03-12_18-38-11/[DBG]/Parsed note 40 as 3
2019-03-12_18-38-11/[DBG]/Parsed note 40 as 3
2019-03-12_18-38-11/[DBG]/Parsed note 40 as 3
2019-03-12_18-38-11/[DBG]/Parsed note 40 as 3
2019-03-12_18-38-11/[DBG]/Parsed note 40 as 3
2019-03-12_18-38-11/[DBG]/Parsed note 40 as 3
2019-03-12_18-38-12/[DBG]/Parsed note 40 as 3
2019-03-12_18-38-12/[DBG]/Parsed note 40 as 3
2019-03-12_18-38-12/[DBG]/Parsed note 40 as 3
2019-03-12_18-38-12/[DBG]/Parsed note 40 as 3
2019-03-12_18-38-12/[DBG]/Parsed note 40 as 3
2019-03-12_18-38-12/[DBG]/Parsed note 40 as 3
2019-03-12_18-38-12/[DBG]/Parsed note 40 as 3
2019-03-12_18-38-12/[DBG]/Parsed note 40 as 3
2019-03-12_18-38-13/[DBG]/Parsed note 40 as 3
2019-03-12_18-38-13/[DBG]/Parsed note 40 as 3
2019-03-12_18-38-13/[DBG]/Parsed note 40 as 3
2019-03-12_18-38-13/[DBG]/Parsed note 40 as 3
2019-03-12_18-38-13/[DBG]/Parsed note 40 as 3
2019-03-12_18-38-13/[DBG]/Parsed note 40 as 3
2019-03-12_18-38-13/[DBG]/Parsed note 40 as 3
2019-03-12_18-38-13/[DBG]/Parsed note 40 as 3
2019-03-12_18-38-13/[DBG]/Parsed note 40 as 3
2019-03-12_18-38-14/[DBG]/Parsed note 40 as 3
2019-03-12_18-38-14/[DBG]/Parsed note 40 as 3
2019-03-12_18-38-14/[DBG]/Parsed note 40 as 3
2019-03-12_18-38-14/[DBG]/Parsed note 40 as 3
2019-03-12_18-38-14/[DBG]/Parsed note 40 as 3
2019-03-12_18-38-14/[DBG]/Parsed note 52 as 0
2019-03-12_18-38-14/[DBG]/Parsed note 57 as e
2019-03-12_18-38-14/[DBG]/Parsed note 61 as T
2019-03-12_18-38-14/[WRN]/Skipped note with value 33 because it was out of range
2019-03-12_18-38-14/[DBG]/Skipping over a message because there was no note value e/33
2019-03-12_18-38-14/[DBG]/Parsed note 45 as 6
2019-03-12_18-38-15/[DBG]/Parsed note 52 as 0
2019-03-12_18-38-15/[DBG]/Parsed note 57 as e
2019-03-12_18-38-15/[DBG]/Parsed note 61 as T
2019-03-12_18-38-15/[WRN]/Skipped note with value 33 because it was out of range
2019-03-12_18-38-15/[DBG]/Skipping over a message because there was no note value e/33
2019-03-12_18-38-15/[DBG]/Parsed note 45 as 6
2019-03-12_18-38-15/[DBG]/Parsed note 52 as 0
2019-03-12_18-38-15/[DBG]/Parsed note 57 as e
2019-03-12_18-38-15/[DBG]/Parsed note 61 as T
2019-03-12_18-38-15/[WRN]/Skipped note with value 33 because it was out of range
2019-03-12_18-38-15/[DBG]/Skipping over a message because there was no note value e/33
2019-03-12_18-38-15/[DBG]/Parsed note 45 as 6
2019-03-12_18-38-15/[DBG]/Parsed note 52 as 0
2019-03-12_18-38-15/[DBG]/Parsed note 57 as e
2019-03-12_18-38-15/[DBG]/Parsed note 61 as T
2019-03-12_18-38-15/[WRN]/Skipped note with value 33 because it was out of range
2019-03-12_18-38-15/[DBG]/Skipping over a message because there was no note value e/33
2019-03-12_18-38-15/[DBG]/Parsed note 45 as 6
2019-03-12_18-38-15/[DBG]/Parsed note 52 as 0
2019-03-12_18-38-15/[DBG]/Parsed note 57 as e
2019-03-12_18-38-15/[DBG]/Parsed note 61 as T
2019-03-12_18-38-15/[WRN]/Skipped note with value 33 because it was out of range
2019-03-12_18-38-15/[DBG]/Skipping over a message because there was no note value e/33
2019-03-12_18-38-15/[DBG]/Parsed note 45 as 6
2019-03-12_18-38-15/[DBG]/Parsed note 52 as 0
2019-03-12_18-38-15/[DBG]/Parsed note 57 as e
2019-03-12_18-38-15/[DBG]/Parsed note 61 as T
2019-03-12_18-38-15/[WRN]/Skipped note with value 33 because it was out of range
2019-03-12_18-38-15/[DBG]/Skipping over a message because there was no note value e/33
2019-03-12_18-38-15/[DBG]/Parsed note 45 as 6
2019-03-12_18-38-16/[DBG]/Parsed note 52 as 0
2019-03-12_18-38-16/[DBG]/Parsed note 57 as e
2019-03-12_18-38-16/[DBG]/Parsed note 61 as T
2019-03-12_18-38-16/[WRN]/Skipped note with value 33 because it was out of range
2019-03-12_18-38-16/[DBG]/Skipping over a message because there was no note value e/33
2019-03-12_18-38-16/[DBG]/Parsed note 45 as 6
2019-03-12_18-38-16/[DBG]/Parsed note 52 as 0
2019-03-12_18-38-16/[DBG]/Parsed note 57 as e
2019-03-12_18-38-16/[DBG]/Parsed note 61 as T
2019-03-12_18-38-16/[WRN]/Skipped note with value 33 because it was out of range
2019-03-12_18-38-16/[DBG]/Skipping over a message because there was no note value e/33
2019-03-12_18-38-16/[DBG]/Parsed note 45 as 6
2019-03-12_18-38-16/[DBG]/Parsed note 52 as 0
2019-03-12_18-38-16/[DBG]/Parsed note 57 as e
2019-03-12_18-38-16/[DBG]/Parsed note 61 as T
2019-03-12_18-38-16/[WRN]/Skipped note with value 33 because it was out of range
2019-03-12_18-38-16/[DBG]/Skipping over a message because there was no note value e/33
2019-03-12_18-38-16/[DBG]/Parsed note 45 as 6
2019-03-12_18-38-16/[DBG]/Parsed note 52 as 0
2019-03-12_18-38-16/[DBG]/Parsed note 57 as e
2019-03-12_18-38-16/[DBG]/Parsed note 61 as T
2019-03-12_18-38-16/[WRN]/Skipped note with value 33 because it was out of range
2019-03-12_18-38-16/[DBG]/Skipping over a message because there was no note value e/33
2019-03-12_18-38-16/[DBG]/Parsed note 45 as 6
2019-03-12_18-38-16/[DBG]/Parsed note 51 as (
2019-03-12_18-38-16/[DBG]/Parsed note 56 as W
2019-03-12_18-38-16/[DBG]/Parsed note 59 as r
2019-03-12_18-38-16/[WRN]/Skipped note with value 32 because it was out of range
2019-03-12_18-38-16/[DBG]/Skipping over a message because there was no note value e/32
2019-03-12_18-38-16/[DBG]/Parsed note 44 as %
2019-03-12_18-38-17/[DBG]/Parsed note 51 as (
2019-03-12_18-38-17/[DBG]/Parsed note 56 as W
2019-03-12_18-38-17/[DBG]/Parsed note 59 as r
2019-03-12_18-38-17/[WRN]/Skipped note with value 32 because it was out of range
2019-03-12_18-38-17/[DBG]/Skipping over a message because there was no note value e/32
2019-03-12_18-38-17/[DBG]/Parsed note 44 as %
2019-03-12_18-38-17/[DBG]/Parsed note 56 as W
2019-03-12_18-38-17/[DBG]/Parsed note 61 as T
2019-03-12_18-38-17/[DBG]/Parsed note 64 as u
2019-03-12_18-38-17/[DBG]/Parsed note 37 as !
2019-03-12_18-38-17/[DBG]/Parsed note 49 as *
2019-03-12_18-38-17/[DBG]/Parsed note 56 as W
2019-03-12_18-38-17/[DBG]/Parsed note 61 as T
2019-03-12_18-38-17/[DBG]/Parsed note 64 as u
2019-03-12_18-38-17/[DBG]/Parsed note 73 as v
2019-03-12_18-38-17/[DBG]/Parsed note 78 as m
2019-03-12_18-38-17/[DBG]/Parsed note 73 as v
2019-03-12_18-38-17/[DBG]/Parsed note 78 as m
2019-03-12_18-38-17/[DBG]/Parsed note 71 as a
2019-03-12_18-38-17/[DBG]/Parsed note 76 as B
2019-03-12_18-38-17/[DBG]/Parsed note 71 as a
2019-03-12_18-38-17/[DBG]/Parsed note 76 as B
2019-03-12_18-38-17/[DBG]/Parsed note 68 as O
2019-03-12_18-38-17/[DBG]/Parsed note 73 as v
2019-03-12_18-38-17/[DBG]/Parsed note 68 as O
2019-03-12_18-38-18/[DBG]/Parsed note 73 as v
2019-03-12_18-38-18/[DBG]/Parsed note 71 as a
2019-03-12_18-38-18/[DBG]/Parsed note 76 as B
2019-03-12_18-38-18/[DBG]/Parsed note 71 as a
2019-03-12_18-38-18/[DBG]/Parsed note 76 as B
2019-03-12_18-38-18/[DBG]/Parsed note 73 as v
2019-03-12_18-38-18/[DBG]/Parsed note 78 as m
2019-03-12_18-38-18/[DBG]/Parsed note 73 as v
2019-03-12_18-38-18/[DBG]/Parsed note 78 as m
2019-03-12_18-38-18/[DBG]/Parsed note 71 as a
2019-03-12_18-38-18/[DBG]/Parsed note 76 as B
2019-03-12_18-38-18/[DBG]/Parsed note 71 as a
2019-03-12_18-38-18/[DBG]/Parsed note 76 as B
2019-03-12_18-38-18/[DBG]/Parsed note 68 as O
2019-03-12_18-38-18/[DBG]/Parsed note 73 as v
2019-03-12_18-38-18/[DBG]/Parsed note 68 as O
2019-03-12_18-38-18/[DBG]/Parsed note 73 as v
2019-03-12_18-38-18/[DBG]/Parsed note 71 as a
2019-03-12_18-38-18/[DBG]/Parsed note 76 as B
2019-03-12_18-38-18/[DBG]/Parsed note 71 as a
2019-03-12_18-38-18/[DBG]/Parsed note 76 as B
2019-03-12_18-38-18/[DBG]/Parsed note 73 as v
2019-03-12_18-38-18/[DBG]/Parsed note 78 as m
