2019-03-12_19-32-36/[INF]/Starting parsing of midi file. This could take a while.
2019-03-12_19-32-36/[DBG]/Skipping over a message because there was no note value e/'Message' object has no attribute 'note'
2019-03-12_19-32-36/[DBG]/Skipping over a message because there was no note value e/'Message' object has no attribute 'note'
2019-03-12_19-32-36/[DBG]/Skipping over a message because there was no note value e/'Message' object has no attribute 'note'
2019-03-12_19-32-36/[DBG]/Skipping over a message because there was no note value e/'Message' object has no attribute 'note'
2019-03-12_19-32-36/[DBG]/Skipping over a message because there was no note value e/'Message' object has no attribute 'note'
2019-03-12_19-32-36/[DBG]/Skipping over a message because there was no note value e/'Message' object has no attribute 'note'
2019-03-12_19-32-36/[DBG]/Parsed note 40 as 3
2019-03-12_19-32-36/[DBG]/Skipping over a message because there was no note value e/can only concatenate list (not "str") to list
2019-03-12_19-32-36/[DBG]/Resetting outputs
2019-03-12_19-32-36/[DBG]/Parsed note 40 as 3
2019-03-12_19-32-36/[DBG]/New output is :3
2019-03-12_19-32-36/[DBG]/Resetting outputs
2019-03-12_19-32-36/[DBG]/Parsed note 40 as 3
2019-03-12_19-32-36/[DBG]/New output is :3
2019-03-12_19-32-36/[DBG]/Resetting outputs
2019-03-12_19-32-36/[DBG]/Parsed note 40 as 3
2019-03-12_19-32-36/[DBG]/New output is :3
2019-03-12_19-32-36/[DBG]/Resetting outputs
2019-03-12_19-32-36/[DBG]/Parsed note 40 as 3
2019-03-12_19-32-36/[DBG]/New output is :3
2019-03-12_19-32-36/[DBG]/Resetting outputs
2019-03-12_19-32-36/[DBG]/Parsed note 40 as 3
2019-03-12_19-32-36/[DBG]/New output is :3
2019-03-12_19-32-36/[DBG]/Resetting outputs
2019-03-12_19-32-36/[DBG]/Parsed note 40 as 3
2019-03-12_19-32-36/[DBG]/New output is :3
2019-03-12_19-32-36/[DBG]/Resetting outputs
2019-03-12_19-32-36/[DBG]/Parsed note 40 as 3
2019-03-12_19-32-36/[DBG]/New output is :3
2019-03-12_19-32-36/[DBG]/Resetting outputs
2019-03-12_19-32-36/[DBG]/Parsed note 40 as 3
2019-03-12_19-32-36/[DBG]/New output is :3
2019-03-12_19-32-36/[DBG]/Resetting outputs
2019-03-12_19-32-36/[DBG]/Parsed note 40 as 3
2019-03-12_19-32-36/[DBG]/New output is :3
2019-03-12_19-32-36/[DBG]/Resetting outputs
2019-03-12_19-32-36/[DBG]/Parsed note 40 as 3
2019-03-12_19-32-36/[DBG]/New output is :3
2019-03-12_19-32-36/[DBG]/Resetting outputs
2019-03-12_19-32-36/[DBG]/Parsed note 40 as 3
2019-03-12_19-32-36/[DBG]/New output is :3
2019-03-12_19-32-36/[DBG]/Resetting outputs
2019-03-12_19-32-36/[DBG]/Parsed note 40 as 3
2019-03-12_19-32-36/[DBG]/New output is :3
2019-03-12_19-32-36/[DBG]/Resetting outputs
2019-03-12_19-32-36/[DBG]/Parsed note 40 as 3
2019-03-12_19-32-36/[DBG]/New output is :3
2019-03-12_19-32-36/[DBG]/Resetting outputs
2019-03-12_19-32-36/[DBG]/Parsed note 40 as 3
2019-03-12_19-32-36/[DBG]/New output is :3
2019-03-12_19-32-36/[DBG]/Resetting outputs
2019-03-12_19-32-36/[DBG]/Parsed note 40 as 3
2019-03-12_19-32-36/[DBG]/New output is :3
2019-03-12_19-32-36/[DBG]/Resetting outputs
2019-03-12_19-32-36/[DBG]/Parsed note 40 as 3
2019-03-12_19-32-36/[DBG]/New output is :3
2019-03-12_19-32-36/[DBG]/Resetting outputs
2019-03-12_19-32-36/[DBG]/Parsed note 40 as 3
2019-03-12_19-32-36/[DBG]/New output is :3
2019-03-12_19-32-36/[DBG]/Resetting outputs
2019-03-12_19-32-36/[DBG]/Parsed note 40 as 3
2019-03-12_19-32-36/[DBG]/New output is :3
2019-03-12_19-32-36/[DBG]/Resetting outputs
2019-03-12_19-32-36/[DBG]/Parsed note 40 as 3
2019-03-12_19-32-36/[DBG]/New output is :3
2019-03-12_19-32-36/[DBG]/Resetting outputs
2019-03-12_19-32-36/[DBG]/Parsed note 40 as 3
2019-03-12_19-32-36/[DBG]/New output is :3
2019-03-12_19-32-36/[DBG]/Resetting outputs
2019-03-12_19-32-36/[DBG]/Parsed note 40 as 3
2019-03-12_19-32-36/[DBG]/New output is :3
2019-03-12_19-32-36/[DBG]/Resetting outputs
2019-03-12_19-32-36/[DBG]/Parsed note 40 as 3
2019-03-12_19-32-36/[DBG]/New output is :3
2019-03-12_19-32-36/[DBG]/Resetting outputs
2019-03-12_19-32-36/[DBG]/Parsed note 40 as 3
2019-03-12_19-32-36/[DBG]/New output is :3
2019-03-12_19-32-36/[DBG]/Resetting outputs
2019-03-12_19-32-36/[DBG]/Parsed note 40 as 3
2019-03-12_19-32-36/[DBG]/New output is :3
2019-03-12_19-32-36/[DBG]/Resetting outputs
2019-03-12_19-32-36/[DBG]/Parsed note 40 as 3
2019-03-12_19-32-36/[DBG]/New output is :3
2019-03-12_19-32-36/[DBG]/Resetting outputs
2019-03-12_19-32-36/[DBG]/Parsed note 40 as 3
2019-03-12_19-32-36/[DBG]/New output is :3
2019-03-12_19-32-36/[DBG]/Resetting outputs
2019-03-12_19-32-36/[DBG]/Parsed note 40 as 3
2019-03-12_19-32-36/[DBG]/New output is :3
2019-03-12_19-32-36/[DBG]/Resetting outputs
2019-03-12_19-32-36/[DBG]/Parsed note 40 as 3
2019-03-12_19-32-36/[DBG]/New output is :3
2019-03-12_19-32-36/[DBG]/Resetting outputs
2019-03-12_19-32-36/[DBG]/Parsed note 40 as 3
2019-03-12_19-32-36/[DBG]/New output is :3
2019-03-12_19-32-36/[DBG]/Resetting outputs
2019-03-12_19-32-36/[DBG]/Parsed note 40 as 3
2019-03-12_19-32-36/[DBG]/New output is :3
2019-03-12_19-32-36/[DBG]/Resetting outputs
2019-03-12_19-32-36/[DBG]/Parsed note 40 as 3
2019-03-12_19-32-36/[DBG]/New output is :3
2019-03-12_19-32-36/[DBG]/Resetting outputs
2019-03-12_19-32-36/[DBG]/Parsed note 40 as 3
2019-03-12_19-32-36/[DBG]/New output is :3
2019-03-12_19-32-36/[DBG]/Resetting outputs
2019-03-12_19-32-36/[DBG]/Parsed note 40 as 3
2019-03-12_19-32-36/[DBG]/New output is :3
2019-03-12_19-32-36/[DBG]/Resetting outputs
2019-03-12_19-32-36/[DBG]/Parsed note 40 as 3
2019-03-12_19-32-36/[DBG]/New output is :3
2019-03-12_19-32-36/[DBG]/Resetting outputs
2019-03-12_19-32-36/[DBG]/Parsed note 40 as 3
2019-03-12_19-32-36/[DBG]/New output is :3
2019-03-12_19-32-37/[DBG]/Resetting outputs
2019-03-12_19-32-37/[DBG]/Parsed note 40 as 3
2019-03-12_19-32-37/[DBG]/New output is :3
2019-03-12_19-32-37/[DBG]/Resetting outputs
2019-03-12_19-32-37/[DBG]/Parsed note 40 as 3
2019-03-12_19-32-37/[DBG]/New output is :3
2019-03-12_19-32-37/[DBG]/Resetting outputs
2019-03-12_19-32-37/[DBG]/Parsed note 40 as 3
2019-03-12_19-32-37/[DBG]/New output is :3
2019-03-12_19-32-37/[DBG]/Resetting outputs
2019-03-12_19-32-37/[DBG]/Parsed note 40 as 3
2019-03-12_19-32-37/[DBG]/New output is :3
2019-03-12_19-32-37/[DBG]/Resetting outputs
2019-03-12_19-32-37/[DBG]/Parsed note 40 as 3
2019-03-12_19-32-37/[DBG]/New output is :3
2019-03-12_19-32-37/[DBG]/Resetting outputs
2019-03-12_19-32-37/[DBG]/Parsed note 40 as 3
2019-03-12_19-32-37/[DBG]/New output is :3
2019-03-12_19-32-37/[DBG]/Resetting outputs
2019-03-12_19-32-37/[DBG]/Parsed note 40 as 3
2019-03-12_19-32-37/[DBG]/New output is :3
2019-03-12_19-32-37/[DBG]/Resetting outputs
2019-03-12_19-32-37/[DBG]/Parsed note 40 as 3
2019-03-12_19-32-37/[DBG]/New output is :3
2019-03-12_19-32-37/[DBG]/Resetting outputs
2019-03-12_19-32-37/[DBG]/Parsed note 40 as 3
2019-03-12_19-32-37/[DBG]/New output is :3
2019-03-12_19-32-37/[DBG]/Resetting outputs
2019-03-12_19-32-37/[DBG]/Parsed note 40 as 3
2019-03-12_19-32-37/[DBG]/New output is :3
2019-03-12_19-32-37/[DBG]/Resetting outputs
2019-03-12_19-32-37/[DBG]/Parsed note 40 as 3
2019-03-12_19-32-37/[DBG]/New output is :3
2019-03-12_19-32-37/[DBG]/Resetting outputs
2019-03-12_19-32-37/[DBG]/Parsed note 40 as 3
2019-03-12_19-32-37/[DBG]/New output is :3
2019-03-12_19-32-37/[DBG]/Resetting outputs
2019-03-12_19-32-37/[DBG]/Parsed note 40 as 3
2019-03-12_19-32-37/[DBG]/New output is :3
2019-03-12_19-32-37/[DBG]/Resetting outputs
2019-03-12_19-32-37/[DBG]/Parsed note 40 as 3
2019-03-12_19-32-37/[DBG]/New output is :3
2019-03-12_19-32-37/[DBG]/Resetting outputs
2019-03-12_19-32-37/[DBG]/Parsed note 40 as 3
2019-03-12_19-32-37/[DBG]/New output is :3
2019-03-12_19-32-37/[DBG]/Resetting outputs
2019-03-12_19-32-37/[DBG]/Parsed note 40 as 3
2019-03-12_19-32-37/[DBG]/New output is :3
2019-03-12_19-32-37/[DBG]/Resetting outputs
2019-03-12_19-32-37/[DBG]/Parsed note 40 as 3
2019-03-12_19-32-37/[DBG]/New output is :3
2019-03-12_19-32-37/[DBG]/Resetting outputs
2019-03-12_19-32-37/[DBG]/Parsed note 40 as 3
2019-03-12_19-32-37/[DBG]/New output is :3
2019-03-12_19-32-37/[DBG]/Resetting outputs
2019-03-12_19-32-37/[DBG]/Parsed note 40 as 3
2019-03-12_19-32-37/[DBG]/New output is :3
2019-03-12_19-32-37/[DBG]/Resetting outputs
2019-03-12_19-32-37/[DBG]/Parsed note 40 as 3
2019-03-12_19-32-37/[DBG]/New output is :3
2019-03-12_19-32-37/[DBG]/Resetting outputs
2019-03-12_19-32-37/[DBG]/Parsed note 40 as 3
2019-03-12_19-32-37/[DBG]/New output is :3
2019-03-12_19-32-37/[DBG]/Resetting outputs
2019-03-12_19-32-37/[DBG]/Parsed note 40 as 3
2019-03-12_19-32-37/[DBG]/New output is :3
2019-03-12_19-32-37/[DBG]/Resetting outputs
2019-03-12_19-32-37/[DBG]/Parsed note 40 as 3
2019-03-12_19-32-37/[DBG]/New output is :3
2019-03-12_19-32-37/[DBG]/Resetting outputs
2019-03-12_19-32-37/[DBG]/Parsed note 40 as 3
2019-03-12_19-32-37/[DBG]/New output is :3
2019-03-12_19-32-37/[DBG]/Resetting outputs
2019-03-12_19-32-37/[DBG]/Parsed note 40 as 3
2019-03-12_19-32-37/[DBG]/New output is :3
2019-03-12_19-32-37/[DBG]/Resetting outputs
2019-03-12_19-32-37/[DBG]/Parsed note 40 as 3
2019-03-12_19-32-37/[DBG]/New output is :3
2019-03-12_19-32-37/[DBG]/Resetting outputs
2019-03-12_19-32-37/[DBG]/Parsed note 40 as 3
2019-03-12_19-32-37/[DBG]/New output is :3
2019-03-12_19-32-37/[DBG]/Resetting outputs
2019-03-12_19-32-37/[DBG]/Parsed note 40 as 3
2019-03-12_19-32-37/[DBG]/New output is :3
2019-03-12_19-32-37/[DBG]/Resetting outputs
2019-03-12_19-32-37/[DBG]/Parsed note 40 as 3
2019-03-12_19-32-37/[DBG]/New output is :3
2019-03-12_19-32-37/[DBG]/Resetting outputs
2019-03-12_19-32-37/[DBG]/Parsed note 40 as 3
2019-03-12_19-32-37/[DBG]/New output is :3
2019-03-12_19-32-37/[DBG]/Resetting outputs
2019-03-12_19-32-37/[DBG]/Parsed note 40 as 3
2019-03-12_19-32-37/[DBG]/New output is :3
2019-03-12_19-32-37/[DBG]/Resetting outputs
2019-03-12_19-32-37/[DBG]/Parsed note 40 as 3
2019-03-12_19-32-37/[DBG]/New output is :3
2019-03-12_19-32-37/[DBG]/Resetting outputs
2019-03-12_19-32-37/[DBG]/Parsed note 40 as 3
2019-03-12_19-32-37/[DBG]/New output is :3
2019-03-12_19-32-37/[DBG]/Resetting outputs
2019-03-12_19-32-37/[DBG]/Parsed note 40 as 3
2019-03-12_19-32-37/[DBG]/New output is :3
2019-03-12_19-32-37/[DBG]/Resetting outputs
2019-03-12_19-32-37/[DBG]/Parsed note 40 as 3
2019-03-12_19-32-37/[DBG]/New output is :3
2019-03-12_19-32-37/[DBG]/Resetting outputs
2019-03-12_19-32-37/[DBG]/Parsed note 40 as 3
2019-03-12_19-32-37/[DBG]/New output is :3
2019-03-12_19-32-37/[DBG]/Resetting outputs
2019-03-12_19-32-37/[DBG]/Parsed note 40 as 3
2019-03-12_19-32-37/[DBG]/New output is :3
2019-03-12_19-32-37/[DBG]/Resetting outputs
2019-03-12_19-32-37/[DBG]/Parsed note 40 as 3
2019-03-12_19-32-37/[DBG]/New output is :3
2019-03-12_19-32-37/[DBG]/Resetting outputs
2019-03-12_19-32-37/[DBG]/Parsed note 40 as 3
2019-03-12_19-32-37/[DBG]/New output is :3
2019-03-12_19-32-37/[DBG]/Resetting outputs
2019-03-12_19-32-37/[DBG]/Parsed note 40 as 3
2019-03-12_19-32-37/[DBG]/New output is :3
2019-03-12_19-32-37/[DBG]/Resetting outputs
2019-03-12_19-32-37/[DBG]/Parsed note 52 as 0
2019-03-12_19-32-37/[DBG]/New output is :0
2019-03-12_19-32-37/[DBG]/Parsed note 57 as e
2019-03-12_19-32-37/[DBG]/New output is :0:e
2019-03-12_19-32-37/[DBG]/Parsed note 61 as T
2019-03-12_19-32-37/[DBG]/New output is :0:e:T
2019-03-12_19-32-37/[WRN]/Skipped note with value 33 because it was out of range
2019-03-12_19-32-37/[DBG]/Parsed note 45 as 6
2019-03-12_19-32-37/[DBG]/New output is :0:e:T:6
2019-03-12_19-32-37/[DBG]/Resetting outputs
2019-03-12_19-32-37/[DBG]/Parsed note 52 as 0
2019-03-12_19-32-37/[DBG]/New output is :0
2019-03-12_19-32-37/[DBG]/Parsed note 57 as e
2019-03-12_19-32-37/[DBG]/New output is :0:e
2019-03-12_19-32-37/[DBG]/Parsed note 61 as T
2019-03-12_19-32-37/[DBG]/New output is :0:e:T
2019-03-12_19-32-37/[WRN]/Skipped note with value 33 because it was out of range
2019-03-12_19-32-37/[DBG]/Parsed note 45 as 6
2019-03-12_19-32-37/[DBG]/New output is :0:e:T:6
2019-03-12_19-32-37/[DBG]/Resetting outputs
2019-03-12_19-32-37/[DBG]/Parsed note 52 as 0
2019-03-12_19-32-37/[DBG]/New output is :0
2019-03-12_19-32-37/[DBG]/Parsed note 57 as e
2019-03-12_19-32-37/[DBG]/New output is :0:e
2019-03-12_19-32-37/[DBG]/Parsed note 61 as T
2019-03-12_19-32-37/[DBG]/New output is :0:e:T
2019-03-12_19-32-37/[WRN]/Skipped note with value 33 because it was out of range
2019-03-12_19-32-37/[DBG]/Parsed note 45 as 6
2019-03-12_19-32-37/[DBG]/New output is :0:e:T:6
2019-03-12_19-32-37/[DBG]/Resetting outputs
2019-03-12_19-32-37/[DBG]/Parsed note 52 as 0
2019-03-12_19-32-37/[DBG]/New output is :0
2019-03-12_19-32-37/[DBG]/Parsed note 57 as e
2019-03-12_19-32-37/[DBG]/New output is :0:e
2019-03-12_19-32-37/[DBG]/Parsed note 61 as T
2019-03-12_19-32-37/[DBG]/New output is :0:e:T
2019-03-12_19-32-37/[WRN]/Skipped note with value 33 because it was out of range
2019-03-12_19-32-37/[DBG]/Parsed note 45 as 6
2019-03-12_19-32-37/[DBG]/New output is :0:e:T:6
2019-03-12_19-32-37/[DBG]/Resetting outputs
2019-03-12_19-32-37/[DBG]/Parsed note 52 as 0
2019-03-12_19-32-37/[DBG]/New output is :0
2019-03-12_19-32-37/[DBG]/Parsed note 57 as e
2019-03-12_19-32-37/[DBG]/New output is :0:e
2019-03-12_19-32-37/[DBG]/Parsed note 61 as T
2019-03-12_19-32-37/[DBG]/New output is :0:e:T
2019-03-12_19-32-37/[WRN]/Skipped note with value 33 because it was out of range
2019-03-12_19-32-37/[DBG]/Parsed note 45 as 6
2019-03-12_19-32-37/[DBG]/New output is :0:e:T:6
2019-03-12_19-32-37/[DBG]/Resetting outputs
2019-03-12_19-32-37/[DBG]/Parsed note 52 as 0
2019-03-12_19-32-37/[DBG]/New output is :0
2019-03-12_19-32-37/[DBG]/Parsed note 57 as e
2019-03-12_19-32-37/[DBG]/New output is :0:e
2019-03-12_19-32-37/[DBG]/Parsed note 61 as T
2019-03-12_19-32-37/[DBG]/New output is :0:e:T
2019-03-12_19-32-37/[WRN]/Skipped note with value 33 because it was out of range
2019-03-12_19-32-37/[DBG]/Parsed note 45 as 6
2019-03-12_19-32-38/[DBG]/New output is :0:e:T:6
2019-03-12_19-32-38/[DBG]/Resetting outputs
2019-03-12_19-32-38/[DBG]/Parsed note 52 as 0
2019-03-12_19-32-38/[DBG]/New output is :0
2019-03-12_19-32-38/[DBG]/Parsed note 57 as e
2019-03-12_19-32-38/[DBG]/New output is :0:e
2019-03-12_19-32-38/[DBG]/Parsed note 61 as T
2019-03-12_19-32-38/[DBG]/New output is :0:e:T
2019-03-12_19-32-38/[WRN]/Skipped note with value 33 because it was out of range
2019-03-12_19-32-38/[DBG]/Parsed note 45 as 6
2019-03-12_19-32-38/[DBG]/New output is :0:e:T:6
2019-03-12_19-32-38/[DBG]/Resetting outputs
2019-03-12_19-32-38/[DBG]/Parsed note 52 as 0
2019-03-12_19-32-38/[DBG]/New output is :0
2019-03-12_19-32-38/[DBG]/Parsed note 57 as e
2019-03-12_19-32-38/[DBG]/New output is :0:e
2019-03-12_19-32-38/[DBG]/Parsed note 61 as T
2019-03-12_19-32-38/[DBG]/New output is :0:e:T
2019-03-12_19-32-38/[WRN]/Skipped note with value 33 because it was out of range
2019-03-12_19-32-38/[DBG]/Parsed note 45 as 6
2019-03-12_19-32-38/[DBG]/New output is :0:e:T:6
2019-03-12_19-32-38/[DBG]/Resetting outputs
2019-03-12_19-32-38/[DBG]/Parsed note 52 as 0
2019-03-12_19-32-38/[DBG]/New output is :0
2019-03-12_19-32-38/[DBG]/Parsed note 57 as e
2019-03-12_19-32-38/[DBG]/New output is :0:e
2019-03-12_19-32-38/[DBG]/Parsed note 61 as T
2019-03-12_19-32-38/[DBG]/New output is :0:e:T
2019-03-12_19-32-38/[WRN]/Skipped note with value 33 because it was out of range
2019-03-12_19-32-38/[DBG]/Parsed note 45 as 6
2019-03-12_19-32-38/[DBG]/New output is :0:e:T:6
2019-03-12_19-32-38/[DBG]/Resetting outputs
2019-03-12_19-32-38/[DBG]/Parsed note 52 as 0
2019-03-12_19-32-38/[DBG]/New output is :0
2019-03-12_19-32-38/[DBG]/Parsed note 57 as e
2019-03-12_19-32-38/[DBG]/New output is :0:e
2019-03-12_19-32-38/[DBG]/Parsed note 61 as T
2019-03-12_19-32-38/[DBG]/New output is :0:e:T
2019-03-12_19-32-38/[WRN]/Skipped note with value 33 because it was out of range
2019-03-12_19-32-38/[DBG]/Parsed note 45 as 6
2019-03-12_19-32-38/[DBG]/New output is :0:e:T:6
2019-03-12_19-32-38/[DBG]/Resetting outputs
2019-03-12_19-32-38/[DBG]/Parsed note 51 as (
2019-03-12_19-32-38/[DBG]/New output is :(
2019-03-12_19-32-38/[DBG]/Parsed note 56 as W
2019-03-12_19-32-38/[DBG]/New output is :(:W
2019-03-12_19-32-38/[DBG]/Parsed note 59 as r
2019-03-12_19-32-38/[DBG]/New output is :(:W:r
2019-03-12_19-32-38/[WRN]/Skipped note with value 32 because it was out of range
2019-03-12_19-32-38/[DBG]/Parsed note 44 as %
2019-03-12_19-32-38/[DBG]/New output is :(:W:r:%
2019-03-12_19-32-38/[DBG]/Resetting outputs
2019-03-12_19-32-38/[DBG]/Parsed note 51 as (
2019-03-12_19-32-38/[DBG]/New output is :(
2019-03-12_19-32-38/[DBG]/Parsed note 56 as W
2019-03-12_19-32-38/[DBG]/New output is :(:W
2019-03-12_19-32-38/[DBG]/Parsed note 59 as r
2019-03-12_19-32-38/[DBG]/New output is :(:W:r
2019-03-12_19-32-38/[WRN]/Skipped note with value 32 because it was out of range
2019-03-12_19-32-38/[DBG]/Parsed note 44 as %
2019-03-12_19-32-38/[DBG]/New output is :(:W:r:%
2019-03-12_19-32-38/[DBG]/Resetting outputs
2019-03-12_19-32-38/[DBG]/Parsed note 56 as W
2019-03-12_19-32-38/[DBG]/New output is :W
2019-03-12_19-32-38/[DBG]/Parsed note 61 as T
2019-03-12_19-32-38/[DBG]/New output is :W:T
2019-03-12_19-32-38/[DBG]/Parsed note 64 as u
2019-03-12_19-32-38/[DBG]/New output is :W:T:u
2019-03-12_19-32-38/[DBG]/Parsed note 37 as !
2019-03-12_19-32-38/[DBG]/New output is :W:T:u:!
2019-03-12_19-32-38/[DBG]/Parsed note 49 as *
2019-03-12_19-32-38/[DBG]/New output is :W:T:u:!:*
2019-03-12_19-32-38/[DBG]/Resetting outputs
2019-03-12_19-32-38/[DBG]/Parsed note 56 as W
2019-03-12_19-32-38/[DBG]/New output is :W
2019-03-12_19-32-38/[DBG]/Parsed note 61 as T
2019-03-12_19-32-38/[DBG]/New output is :W:T
2019-03-12_19-32-38/[DBG]/Parsed note 64 as u
2019-03-12_19-32-38/[DBG]/New output is :W:T:u
2019-03-12_19-32-38/[DBG]/Resetting outputs
2019-03-12_19-32-38/[DBG]/Parsed note 73 as v
2019-03-12_19-32-38/[DBG]/New output is :v
2019-03-12_19-32-38/[DBG]/Parsed note 78 as m
2019-03-12_19-32-38/[DBG]/New output is :v:m
2019-03-12_19-32-38/[DBG]/Resetting outputs
2019-03-12_19-32-38/[DBG]/Parsed note 73 as v
2019-03-12_19-32-38/[DBG]/New output is :v
2019-03-12_19-32-38/[DBG]/Parsed note 78 as m
2019-03-12_19-32-38/[DBG]/New output is :v:m
2019-03-12_19-32-38/[DBG]/Resetting outputs
2019-03-12_19-32-38/[DBG]/Parsed note 71 as a
2019-03-12_19-32-38/[DBG]/New output is :a
2019-03-12_19-32-38/[DBG]/Parsed note 76 as B
2019-03-12_19-32-38/[DBG]/New output is :a:B
2019-03-12_19-32-38/[DBG]/Resetting outputs
2019-03-12_19-32-38/[DBG]/Parsed note 71 as a
2019-03-12_19-32-38/[DBG]/New output is :a
2019-03-12_19-32-38/[DBG]/Parsed note 76 as B
2019-03-12_19-32-38/[DBG]/New output is :a:B
2019-03-12_19-32-38/[DBG]/Resetting outputs
2019-03-12_19-32-38/[DBG]/Parsed note 68 as O
2019-03-12_19-32-38/[DBG]/New output is :O
2019-03-12_19-32-38/[DBG]/Parsed note 73 as v
2019-03-12_19-32-38/[DBG]/New output is :O:v
2019-03-12_19-32-38/[DBG]/Resetting outputs
2019-03-12_19-32-38/[DBG]/Parsed note 68 as O
2019-03-12_19-32-38/[DBG]/New output is :O
2019-03-12_19-32-38/[DBG]/Parsed note 73 as v
2019-03-12_19-32-38/[DBG]/New output is :O:v
2019-03-12_19-32-38/[DBG]/Resetting outputs
2019-03-12_19-32-38/[DBG]/Parsed note 71 as a
2019-03-12_19-32-38/[DBG]/New output is :a
2019-03-12_19-32-38/[DBG]/Parsed note 76 as B
2019-03-12_19-32-38/[DBG]/New output is :a:B
2019-03-12_19-32-38/[DBG]/Resetting outputs
2019-03-12_19-32-38/[DBG]/Parsed note 71 as a
2019-03-12_19-32-38/[DBG]/New output is :a
2019-03-12_19-32-38/[DBG]/Parsed note 76 as B
2019-03-12_19-32-38/[DBG]/New output is :a:B
2019-03-12_19-32-38/[DBG]/Resetting outputs
2019-03-12_19-32-38/[DBG]/Parsed note 73 as v
2019-03-12_19-32-38/[DBG]/New output is :v
2019-03-12_19-32-38/[DBG]/Parsed note 78 as m
2019-03-12_19-32-38/[DBG]/New output is :v:m
2019-03-12_19-32-38/[DBG]/Resetting outputs
2019-03-12_19-32-38/[DBG]/Parsed note 73 as v
2019-03-12_19-32-38/[DBG]/New output is :v
2019-03-12_19-32-38/[DBG]/Parsed note 78 as m
2019-03-12_19-32-38/[DBG]/New output is :v:m
2019-03-12_19-32-38/[DBG]/Resetting outputs
2019-03-12_19-32-38/[DBG]/Parsed note 71 as a
2019-03-12_19-32-38/[DBG]/New output is :a
2019-03-12_19-32-38/[DBG]/Parsed note 76 as B
2019-03-12_19-32-38/[DBG]/New output is :a:B
2019-03-12_19-32-38/[DBG]/Resetting outputs
2019-03-12_19-32-38/[DBG]/Parsed note 71 as a
2019-03-12_19-32-38/[DBG]/New output is :a
2019-03-12_19-32-38/[DBG]/Parsed note 76 as B
2019-03-12_19-32-38/[DBG]/New output is :a:B
2019-03-12_19-32-38/[DBG]/Resetting outputs
2019-03-12_19-32-38/[DBG]/Parsed note 68 as O
2019-03-12_19-32-38/[DBG]/New output is :O
2019-03-12_19-32-38/[DBG]/Parsed note 73 as v
2019-03-12_19-32-38/[DBG]/New output is :O:v
2019-03-12_19-32-38/[DBG]/Resetting outputs
2019-03-12_19-32-38/[DBG]/Parsed note 68 as O
2019-03-12_19-32-38/[DBG]/New output is :O
2019-03-12_19-32-38/[DBG]/Parsed note 73 as v
2019-03-12_19-32-38/[DBG]/New output is :O:v
2019-03-12_19-32-38/[DBG]/Resetting outputs
2019-03-12_19-32-38/[DBG]/Parsed note 71 as a
2019-03-12_19-32-38/[DBG]/New output is :a
2019-03-12_19-32-38/[DBG]/Parsed note 76 as B
2019-03-12_19-32-38/[DBG]/New output is :a:B
2019-03-12_19-32-38/[DBG]/Resetting outputs
2019-03-12_19-32-38/[DBG]/Parsed note 71 as a
2019-03-12_19-32-38/[DBG]/New output is :a
2019-03-12_19-32-38/[DBG]/Parsed note 76 as B
2019-03-12_19-32-38/[DBG]/New output is :a:B
2019-03-12_19-32-38/[DBG]/Resetting outputs
2019-03-12_19-32-38/[DBG]/Parsed note 73 as v
2019-03-12_19-32-38/[DBG]/New output is :v
2019-03-12_19-32-38/[DBG]/Parsed note 78 as m
2019-03-12_19-32-38/[DBG]/New output is :v:m
2019-03-12_19-32-38/[DBG]/Resetting outputs
2019-03-12_19-32-38/[DBG]/Parsed note 73 as v
2019-03-12_19-32-38/[DBG]/New output is :v
2019-03-12_19-32-38/[DBG]/Parsed note 78 as m
2019-03-12_19-32-38/[DBG]/New output is :v:m
2019-03-12_19-32-38/[DBG]/Resetting outputs
2019-03-12_19-32-38/[DBG]/Parsed note 71 as a
2019-03-12_19-32-38/[DBG]/New output is :a
2019-03-12_19-32-38/[DBG]/Parsed note 76 as B
2019-03-12_19-32-38/[DBG]/New output is :a:B
2019-03-12_19-32-39/[DBG]/Resetting outputs
2019-03-12_19-32-39/[DBG]/Parsed note 71 as a
2019-03-12_19-32-39/[DBG]/New output is :a
2019-03-12_19-32-39/[DBG]/Parsed note 76 as B
2019-03-12_19-32-39/[DBG]/New output is :a:B
2019-03-12_19-32-39/[DBG]/Resetting outputs
2019-03-12_19-32-39/[DBG]/Parsed note 68 as O
2019-03-12_19-32-39/[DBG]/New output is :O
2019-03-12_19-32-39/[DBG]/Parsed note 73 as v
2019-03-12_19-32-39/[DBG]/New output is :O:v
2019-03-12_19-32-39/[DBG]/Resetting outputs
2019-03-12_19-32-39/[DBG]/Parsed note 68 as O
2019-03-12_19-32-39/[DBG]/New output is :O
2019-03-12_19-32-39/[DBG]/Parsed note 73 as v
2019-03-12_19-32-39/[DBG]/New output is :O:v
2019-03-12_19-32-39/[DBG]/Resetting outputs
2019-03-12_19-32-39/[DBG]/Parsed note 66 as I
2019-03-12_19-32-39/[DBG]/New output is :I
2019-03-12_19-32-39/[DBG]/Parsed note 71 as a
2019-03-12_19-32-39/[DBG]/New output is :I:a
2019-03-12_19-32-39/[DBG]/Resetting outputs
2019-03-12_19-32-39/[DBG]/Parsed note 66 as I
2019-03-12_19-32-39/[DBG]/New output is :I
2019-03-12_19-32-39/[DBG]/Parsed note 71 as a
2019-03-12_19-32-39/[DBG]/New output is :I:a
2019-03-12_19-32-39/[DBG]/Resetting outputs
2019-03-12_19-32-39/[DBG]/Parsed note 68 as O
2019-03-12_19-32-39/[DBG]/New output is :O
2019-03-12_19-32-39/[DBG]/Parsed note 73 as v
2019-03-12_19-32-39/[DBG]/New output is :O:v
2019-03-12_19-32-39/[DBG]/Resetting outputs
2019-03-12_19-32-39/[DBG]/Parsed note 68 as O
2019-03-12_19-32-39/[DBG]/New output is :O
2019-03-12_19-32-39/[DBG]/Parsed note 73 as v
2019-03-12_19-32-39/[DBG]/New output is :O:v
2019-03-12_19-32-39/[DBG]/Resetting outputs
2019-03-12_19-32-39/[DBG]/Parsed note 66 as I
2019-03-12_19-32-39/[DBG]/New output is :I
2019-03-12_19-32-39/[DBG]/Parsed note 71 as a
2019-03-12_19-32-39/[DBG]/New output is :I:a
2019-03-12_19-32-39/[DBG]/Resetting outputs
2019-03-12_19-32-39/[DBG]/Parsed note 66 as I
2019-03-12_19-32-39/[DBG]/New output is :I
2019-03-12_19-32-39/[DBG]/Parsed note 71 as a
2019-03-12_19-32-39/[DBG]/New output is :I:a
2019-03-12_19-32-39/[DBG]/Resetting outputs
2019-03-12_19-32-39/[DBG]/Parsed note 68 as O
2019-03-12_19-32-39/[DBG]/New output is :O
2019-03-12_19-32-39/[DBG]/Parsed note 73 as v
2019-03-12_19-32-39/[DBG]/New output is :O:v
2019-03-12_19-32-39/[DBG]/Resetting outputs
2019-03-12_19-32-39/[DBG]/Parsed note 68 as O
2019-03-12_19-32-39/[DBG]/New output is :O
2019-03-12_19-32-39/[DBG]/Parsed note 73 as v
2019-03-12_19-32-39/[DBG]/New output is :O:v
2019-03-12_19-32-39/[DBG]/Resetting outputs
2019-03-12_19-32-39/[DBG]/Parsed note 73 as v
2019-03-12_19-32-39/[DBG]/New output is :v
2019-03-12_19-32-39/[DBG]/Parsed note 78 as m
2019-03-12_19-32-39/[DBG]/New output is :v:m
2019-03-12_19-32-39/[DBG]/Resetting outputs
2019-03-12_19-32-39/[DBG]/Parsed note 73 as v
2019-03-12_19-32-39/[DBG]/New output is :v
2019-03-12_19-32-39/[DBG]/Parsed note 78 as m
2019-03-12_19-32-39/[DBG]/New output is :v:m
2019-03-12_19-32-39/[DBG]/Resetting outputs
2019-03-12_19-32-39/[DBG]/Parsed note 71 as a
2019-03-12_19-32-39/[DBG]/New output is :a
2019-03-12_19-32-39/[DBG]/Parsed note 76 as B
2019-03-12_19-32-39/[DBG]/New output is :a:B
2019-03-12_19-32-39/[DBG]/Resetting outputs
2019-03-12_19-32-39/[DBG]/Parsed note 37 as !
2019-03-12_19-32-39/[DBG]/New output is :!
2019-03-12_19-32-39/[DBG]/Parsed note 49 as *
2019-03-12_19-32-39/[DBG]/New output is :!:*
2019-03-12_19-32-39/[DBG]/Resetting outputs
2019-03-12_19-32-39/[DBG]/Parsed note 71 as a
2019-03-12_19-32-39/[DBG]/New output is :a
2019-03-12_19-32-39/[DBG]/Parsed note 76 as B
2019-03-12_19-32-39/[DBG]/New output is :a:B
2019-03-12_19-32-39/[DBG]/Resetting outputs
2019-03-12_19-32-39/[DBG]/Parsed note 52 as 0
2019-03-12_19-32-39/[DBG]/New output is :0
2019-03-12_19-32-39/[DBG]/Parsed note 57 as e
2019-03-12_19-32-39/[DBG]/New output is :0:e
2019-03-12_19-32-39/[DBG]/Parsed note 61 as T
2019-03-12_19-32-39/[DBG]/New output is :0:e:T
2019-03-12_19-32-39/[WRN]/Skipped note with value 33 because it was out of range
2019-03-12_19-32-39/[DBG]/Parsed note 45 as 6
2019-03-12_19-32-39/[DBG]/New output is :0:e:T:6
2019-03-12_19-32-39/[DBG]/Resetting outputs
2019-03-12_19-32-39/[DBG]/Parsed note 52 as 0
2019-03-12_19-32-39/[DBG]/New output is :0
2019-03-12_19-32-39/[DBG]/Parsed note 57 as e
2019-03-12_19-32-39/[DBG]/New output is :0:e
2019-03-12_19-32-39/[DBG]/Parsed note 61 as T
2019-03-12_19-32-39/[DBG]/New output is :0:e:T
2019-03-12_19-32-39/[WRN]/Skipped note with value 33 because it was out of range
2019-03-12_19-32-39/[DBG]/Parsed note 45 as 6
2019-03-12_19-32-39/[DBG]/New output is :0:e:T:6
2019-03-12_19-32-39/[DBG]/Resetting outputs
2019-03-12_19-32-39/[DBG]/Parsed note 52 as 0
2019-03-12_19-32-39/[DBG]/New output is :0
2019-03-12_19-32-39/[DBG]/Parsed note 57 as e
2019-03-12_19-32-39/[DBG]/New output is :0:e
2019-03-12_19-32-39/[DBG]/Parsed note 61 as T
2019-03-12_19-32-39/[DBG]/New output is :0:e:T
2019-03-12_19-32-39/[WRN]/Skipped note with value 33 because it was out of range
2019-03-12_19-32-39/[DBG]/Parsed note 45 as 6
2019-03-12_19-32-39/[DBG]/New output is :0:e:T:6
2019-03-12_19-32-39/[DBG]/Resetting outputs
2019-03-12_19-32-39/[DBG]/Parsed note 52 as 0
2019-03-12_19-32-39/[DBG]/New output is :0
2019-03-12_19-32-39/[DBG]/Parsed note 57 as e
2019-03-12_19-32-39/[DBG]/New output is :0:e
2019-03-12_19-32-39/[DBG]/Parsed note 61 as T
2019-03-12_19-32-39/[DBG]/New output is :0:e:T
2019-03-12_19-32-39/[WRN]/Skipped note with value 33 because it was out of range
2019-03-12_19-32-39/[DBG]/Parsed note 45 as 6
2019-03-12_19-32-39/[DBG]/New output is :0:e:T:6
2019-03-12_19-32-39/[DBG]/Resetting outputs
2019-03-12_19-32-39/[DBG]/Parsed note 52 as 0
2019-03-12_19-32-39/[DBG]/New output is :0
2019-03-12_19-32-39/[DBG]/Parsed note 57 as e
2019-03-12_19-32-39/[DBG]/New output is :0:e
2019-03-12_19-32-39/[DBG]/Parsed note 61 as T
2019-03-12_19-32-39/[DBG]/New output is :0:e:T
2019-03-12_19-32-39/[WRN]/Skipped note with value 33 because it was out of range
2019-03-12_19-32-39/[DBG]/Parsed note 45 as 6
2019-03-12_19-32-39/[DBG]/New output is :0:e:T:6
2019-03-12_19-32-39/[DBG]/Resetting outputs
2019-03-12_19-32-39/[DBG]/Parsed note 52 as 0
2019-03-12_19-32-39/[DBG]/New output is :0
2019-03-12_19-32-39/[DBG]/Parsed note 57 as e
2019-03-12_19-32-39/[DBG]/New output is :0:e
2019-03-12_19-32-39/[DBG]/Parsed note 61 as T
2019-03-12_19-32-39/[DBG]/New output is :0:e:T
2019-03-12_19-32-39/[WRN]/Skipped note with value 33 because it was out of range
2019-03-12_19-32-39/[DBG]/Parsed note 45 as 6
2019-03-12_19-32-39/[DBG]/New output is :0:e:T:6
2019-03-12_19-32-39/[DBG]/Resetting outputs
2019-03-12_19-32-39/[DBG]/Parsed note 52 as 0
2019-03-12_19-32-39/[DBG]/New output is :0
2019-03-12_19-32-39/[DBG]/Parsed note 57 as e
2019-03-12_19-32-39/[DBG]/New output is :0:e
2019-03-12_19-32-39/[DBG]/Parsed note 61 as T
2019-03-12_19-32-39/[DBG]/New output is :0:e:T
2019-03-12_19-32-39/[WRN]/Skipped note with value 33 because it was out of range
2019-03-12_19-32-39/[DBG]/Parsed note 45 as 6
2019-03-12_19-32-39/[DBG]/New output is :0:e:T:6
2019-03-12_19-32-39/[DBG]/Resetting outputs
2019-03-12_19-32-39/[DBG]/Parsed note 52 as 0
2019-03-12_19-32-39/[DBG]/New output is :0
2019-03-12_19-32-39/[DBG]/Parsed note 57 as e
2019-03-12_19-32-39/[DBG]/New output is :0:e
2019-03-12_19-32-39/[DBG]/Parsed note 61 as T
2019-03-12_19-32-39/[DBG]/New output is :0:e:T
2019-03-12_19-32-39/[WRN]/Skipped note with value 33 because it was out of range
2019-03-12_19-32-39/[DBG]/Parsed note 45 as 6
2019-03-12_19-32-39/[DBG]/New output is :0:e:T:6
2019-03-12_19-32-39/[DBG]/Resetting outputs
2019-03-12_19-32-39/[DBG]/Parsed note 52 as 0
2019-03-12_19-32-39/[DBG]/New output is :0
2019-03-12_19-32-39/[DBG]/Parsed note 57 as e
2019-03-12_19-32-39/[DBG]/New output is :0:e
2019-03-12_19-32-39/[DBG]/Parsed note 61 as T
2019-03-12_19-32-39/[DBG]/New output is :0:e:T
2019-03-12_19-32-39/[WRN]/Skipped note with value 33 because it was out of range
2019-03-12_19-32-40/[DBG]/Parsed note 45 as 6
2019-03-12_19-32-40/[DBG]/New output is :0:e:T:6
2019-03-12_19-32-40/[DBG]/Resetting outputs
2019-03-12_19-32-40/[DBG]/Parsed note 52 as 0
2019-03-12_19-32-40/[DBG]/New output is :0
2019-03-12_19-32-40/[DBG]/Parsed note 57 as e
2019-03-12_19-32-40/[DBG]/New output is :0:e
2019-03-12_19-32-40/[DBG]/Parsed note 61 as T
2019-03-12_19-32-40/[DBG]/New output is :0:e:T
2019-03-12_19-32-40/[WRN]/Skipped note with value 33 because it was out of range
2019-03-12_19-32-40/[DBG]/Parsed note 45 as 6
2019-03-12_19-32-40/[DBG]/New output is :0:e:T:6
2019-03-12_19-32-40/[DBG]/Resetting outputs
2019-03-12_19-32-40/[DBG]/Parsed note 51 as (
2019-03-12_19-32-40/[DBG]/New output is :(
2019-03-12_19-32-40/[DBG]/Parsed note 56 as W
2019-03-12_19-32-40/[DBG]/New output is :(:W
2019-03-12_19-32-40/[DBG]/Parsed note 59 as r
2019-03-12_19-32-40/[DBG]/New output is :(:W:r
2019-03-12_19-32-40/[WRN]/Skipped note with value 32 because it was out of range
2019-03-12_19-32-40/[DBG]/Parsed note 44 as %
2019-03-12_19-32-40/[DBG]/New output is :(:W:r:%
2019-03-12_19-32-40/[DBG]/Resetting outputs
2019-03-12_19-32-40/[DBG]/Parsed note 51 as (
2019-03-12_19-32-40/[DBG]/New output is :(
2019-03-12_19-32-40/[DBG]/Parsed note 56 as W
2019-03-12_19-32-40/[DBG]/New output is :(:W
2019-03-12_19-32-40/[DBG]/Parsed note 59 as r
2019-03-12_19-32-40/[DBG]/New output is :(:W:r
2019-03-12_19-32-40/[WRN]/Skipped note with value 32 because it was out of range
2019-03-12_19-32-40/[DBG]/Parsed note 44 as %
2019-03-12_19-32-40/[DBG]/New output is :(:W:r:%
2019-03-12_19-32-40/[DBG]/Resetting outputs
2019-03-12_19-32-40/[DBG]/Parsed note 56 as W
2019-03-12_19-32-40/[DBG]/New output is :W
2019-03-12_19-32-40/[DBG]/Parsed note 61 as T
2019-03-12_19-32-40/[DBG]/New output is :W:T
2019-03-12_19-32-40/[DBG]/Parsed note 64 as u
2019-03-12_19-32-40/[DBG]/New output is :W:T:u
2019-03-12_19-32-40/[DBG]/Parsed note 37 as !
2019-03-12_19-32-40/[DBG]/New output is :W:T:u:!
2019-03-12_19-32-40/[DBG]/Parsed note 49 as *
2019-03-12_19-32-40/[DBG]/New output is :W:T:u:!:*
2019-03-12_19-32-40/[DBG]/Resetting outputs
2019-03-12_19-32-40/[DBG]/Parsed note 56 as W
2019-03-12_19-32-40/[DBG]/New output is :W
2019-03-12_19-32-40/[DBG]/Parsed note 61 as T
2019-03-12_19-32-40/[DBG]/New output is :W:T
2019-03-12_19-32-40/[DBG]/Parsed note 64 as u
2019-03-12_19-32-40/[DBG]/New output is :W:T:u
2019-03-12_19-32-40/[DBG]/Resetting outputs
2019-03-12_19-32-40/[DBG]/Parsed note 73 as v
2019-03-12_19-32-40/[DBG]/New output is :v
2019-03-12_19-32-40/[DBG]/Parsed note 78 as m
2019-03-12_19-32-40/[DBG]/New output is :v:m
2019-03-12_19-32-40/[DBG]/Resetting outputs
2019-03-12_19-32-40/[DBG]/Parsed note 73 as v
2019-03-12_19-32-40/[DBG]/New output is :v
2019-03-12_19-32-40/[DBG]/Parsed note 78 as m
2019-03-12_19-32-40/[DBG]/New output is :v:m
2019-03-12_19-32-40/[DBG]/Resetting outputs
2019-03-12_19-32-40/[DBG]/Parsed note 71 as a
2019-03-12_19-32-40/[DBG]/New output is :a
2019-03-12_19-32-40/[DBG]/Parsed note 76 as B
2019-03-12_19-32-40/[DBG]/New output is :a:B
2019-03-12_19-32-40/[DBG]/Resetting outputs
2019-03-12_19-32-40/[DBG]/Parsed note 71 as a
2019-03-12_19-32-40/[DBG]/New output is :a
2019-03-12_19-32-40/[DBG]/Parsed note 76 as B
2019-03-12_19-32-40/[DBG]/New output is :a:B
2019-03-12_19-32-40/[DBG]/Resetting outputs
2019-03-12_19-32-40/[DBG]/Parsed note 68 as O
2019-03-12_19-32-40/[DBG]/New output is :O
2019-03-12_19-32-40/[DBG]/Parsed note 73 as v
2019-03-12_19-32-40/[DBG]/New output is :O:v
2019-03-12_19-32-40/[DBG]/Resetting outputs
2019-03-12_19-32-40/[DBG]/Parsed note 68 as O
2019-03-12_19-32-40/[DBG]/New output is :O
2019-03-12_19-32-40/[DBG]/Parsed note 73 as v
2019-03-12_19-32-40/[DBG]/New output is :O:v
2019-03-12_19-32-40/[DBG]/Resetting outputs
2019-03-12_19-32-40/[DBG]/Parsed note 71 as a
2019-03-12_19-32-40/[DBG]/New output is :a
2019-03-12_19-32-40/[DBG]/Parsed note 76 as B
2019-03-12_19-32-40/[DBG]/New output is :a:B
2019-03-12_19-32-40/[DBG]/Resetting outputs
2019-03-12_19-32-40/[DBG]/Parsed note 71 as a
2019-03-12_19-32-40/[DBG]/New output is :a
2019-03-12_19-32-40/[DBG]/Parsed note 76 as B
2019-03-12_19-32-40/[DBG]/New output is :a:B
2019-03-12_19-32-40/[DBG]/Resetting outputs
2019-03-12_19-32-40/[DBG]/Parsed note 73 as v
2019-03-12_19-32-40/[DBG]/New output is :v
2019-03-12_19-32-40/[DBG]/Parsed note 78 as m
2019-03-12_19-32-40/[DBG]/New output is :v:m
2019-03-12_19-32-40/[DBG]/Resetting outputs
2019-03-12_19-32-40/[DBG]/Parsed note 73 as v
2019-03-12_19-32-40/[DBG]/New output is :v
2019-03-12_19-32-40/[DBG]/Parsed note 78 as m
2019-03-12_19-32-40/[DBG]/New output is :v:m
2019-03-12_19-32-40/[DBG]/Resetting outputs
2019-03-12_19-32-40/[DBG]/Parsed note 71 as a
2019-03-12_19-32-40/[DBG]/New output is :a
2019-03-12_19-32-40/[DBG]/Parsed note 76 as B
2019-03-12_19-32-40/[DBG]/New output is :a:B
2019-03-12_19-32-40/[DBG]/Resetting outputs
2019-03-12_19-32-40/[DBG]/Parsed note 71 as a
2019-03-12_19-32-40/[DBG]/New output is :a
2019-03-12_19-32-40/[DBG]/Parsed note 76 as B
2019-03-12_19-32-40/[DBG]/New output is :a:B
2019-03-12_19-32-40/[DBG]/Resetting outputs
2019-03-12_19-32-40/[DBG]/Parsed note 68 as O
2019-03-12_19-32-40/[DBG]/New output is :O
2019-03-12_19-32-40/[DBG]/Parsed note 73 as v
2019-03-12_19-32-40/[DBG]/New output is :O:v
2019-03-12_19-32-40/[DBG]/Resetting outputs
2019-03-12_19-32-40/[DBG]/Parsed note 68 as O
2019-03-12_19-32-40/[DBG]/New output is :O
2019-03-12_19-32-40/[DBG]/Parsed note 73 as v
2019-03-12_19-32-40/[DBG]/New output is :O:v
2019-03-12_19-32-40/[DBG]/Resetting outputs
2019-03-12_19-32-40/[DBG]/Parsed note 71 as a
2019-03-12_19-32-40/[DBG]/New output is :a
2019-03-12_19-32-40/[DBG]/Parsed note 76 as B
2019-03-12_19-32-40/[DBG]/New output is :a:B
2019-03-12_19-32-40/[DBG]/Resetting outputs
2019-03-12_19-32-40/[DBG]/Parsed note 71 as a
2019-03-12_19-32-40/[DBG]/New output is :a
2019-03-12_19-32-40/[DBG]/Parsed note 76 as B
2019-03-12_19-32-40/[DBG]/New output is :a:B
2019-03-12_19-32-40/[DBG]/Resetting outputs
2019-03-12_19-32-40/[DBG]/Parsed note 73 as v
2019-03-12_19-32-40/[DBG]/New output is :v
2019-03-12_19-32-40/[DBG]/Parsed note 78 as m
2019-03-12_19-32-40/[DBG]/New output is :v:m
2019-03-12_19-32-40/[DBG]/Resetting outputs
2019-03-12_19-32-40/[DBG]/Parsed note 73 as v
2019-03-12_19-32-40/[DBG]/New output is :v
2019-03-12_19-32-40/[DBG]/Parsed note 78 as m
2019-03-12_19-32-40/[DBG]/New output is :v:m
2019-03-12_19-32-40/[DBG]/Resetting outputs
2019-03-12_19-32-40/[DBG]/Parsed note 71 as a
2019-03-12_19-32-40/[DBG]/New output is :a
2019-03-12_19-32-40/[DBG]/Parsed note 76 as B
2019-03-12_19-32-40/[DBG]/New output is :a:B
2019-03-12_19-32-40/[DBG]/Resetting outputs
2019-03-12_19-32-40/[DBG]/Parsed note 71 as a
2019-03-12_19-32-40/[DBG]/New output is :a
2019-03-12_19-32-40/[DBG]/Parsed note 76 as B
2019-03-12_19-32-40/[DBG]/New output is :a:B
2019-03-12_19-32-40/[DBG]/Resetting outputs
2019-03-12_19-32-40/[DBG]/Parsed note 68 as O
2019-03-12_19-32-40/[DBG]/New output is :O
2019-03-12_19-32-40/[DBG]/Parsed note 73 as v
2019-03-12_19-32-40/[DBG]/New output is :O:v
2019-03-12_19-32-40/[DBG]/Resetting outputs
2019-03-12_19-32-40/[DBG]/Parsed note 68 as O
2019-03-12_19-32-40/[DBG]/New output is :O
2019-03-12_19-32-40/[DBG]/Parsed note 73 as v
2019-03-12_19-32-40/[DBG]/New output is :O:v
2019-03-12_19-32-40/[DBG]/Resetting outputs
2019-03-12_19-32-40/[DBG]/Parsed note 66 as I
2019-03-12_19-32-40/[DBG]/New output is :I
2019-03-12_19-32-40/[DBG]/Parsed note 71 as a
2019-03-12_19-32-40/[DBG]/New output is :I:a
2019-03-12_19-32-40/[DBG]/Resetting outputs
2019-03-12_19-32-40/[DBG]/Parsed note 66 as I
2019-03-12_19-32-40/[DBG]/New output is :I
2019-03-12_19-32-40/[DBG]/Parsed note 71 as a
2019-03-12_19-32-40/[DBG]/New output is :I:a
2019-03-12_19-32-40/[DBG]/Resetting outputs
2019-03-12_19-32-40/[DBG]/Parsed note 68 as O
2019-03-12_19-32-40/[DBG]/New output is :O
2019-03-12_19-32-40/[DBG]/Parsed note 73 as v
2019-03-12_19-32-40/[DBG]/New output is :O:v
2019-03-12_19-32-40/[DBG]/Resetting outputs
2019-03-12_19-32-40/[DBG]/Parsed note 68 as O
2019-03-12_19-32-40/[DBG]/New output is :O
2019-03-12_19-32-40/[DBG]/Parsed note 73 as v
2019-03-12_19-32-40/[DBG]/New output is :O:v
2019-03-12_19-32-40/[DBG]/Resetting outputs
2019-03-12_19-32-41/[DBG]/Parsed note 66 as I
2019-03-12_19-32-41/[DBG]/New output is :I
2019-03-12_19-32-41/[DBG]/Parsed note 71 as a
2019-03-12_19-32-41/[DBG]/New output is :I:a
2019-03-12_19-32-41/[DBG]/Resetting outputs
2019-03-12_19-32-41/[DBG]/Parsed note 66 as I
2019-03-12_19-32-41/[DBG]/New output is :I
2019-03-12_19-32-41/[DBG]/Parsed note 71 as a
2019-03-12_19-32-41/[DBG]/New output is :I:a
2019-03-12_19-32-41/[DBG]/Resetting outputs
2019-03-12_19-32-41/[DBG]/Parsed note 68 as O
2019-03-12_19-32-41/[DBG]/New output is :O
2019-03-12_19-32-41/[DBG]/Parsed note 73 as v
2019-03-12_19-32-41/[DBG]/New output is :O:v
2019-03-12_19-32-41/[DBG]/Resetting outputs
2019-03-12_19-32-41/[DBG]/Parsed note 68 as O
2019-03-12_19-32-41/[DBG]/New output is :O
2019-03-12_19-32-41/[DBG]/Parsed note 73 as v
2019-03-12_19-32-41/[DBG]/New output is :O:v
2019-03-12_19-32-41/[DBG]/Resetting outputs
2019-03-12_19-32-41/[DBG]/Parsed note 73 as v
2019-03-12_19-32-41/[DBG]/New output is :v
2019-03-12_19-32-41/[DBG]/Parsed note 78 as m
2019-03-12_19-32-41/[DBG]/New output is :v:m
2019-03-12_19-32-41/[DBG]/Resetting outputs
2019-03-12_19-32-41/[DBG]/Parsed note 73 as v
2019-03-12_19-32-41/[DBG]/New output is :v
2019-03-12_19-32-41/[DBG]/Parsed note 78 as m
2019-03-12_19-32-41/[DBG]/New output is :v:m
2019-03-12_19-32-41/[DBG]/Resetting outputs
2019-03-12_19-32-41/[DBG]/Parsed note 71 as a
2019-03-12_19-32-41/[DBG]/New output is :a
2019-03-12_19-32-41/[DBG]/Parsed note 76 as B
2019-03-12_19-32-41/[DBG]/New output is :a:B
2019-03-12_19-32-41/[DBG]/Resetting outputs
2019-03-12_19-32-41/[DBG]/Parsed note 37 as !
2019-03-12_19-32-41/[DBG]/New output is :!
2019-03-12_19-32-41/[DBG]/Parsed note 49 as *
2019-03-12_19-32-41/[DBG]/New output is :!:*
2019-03-12_19-32-41/[DBG]/Resetting outputs
2019-03-12_19-32-41/[DBG]/Parsed note 71 as a
2019-03-12_19-32-41/[DBG]/New output is :a
2019-03-12_19-32-41/[DBG]/Parsed note 76 as B
2019-03-12_19-32-41/[DBG]/New output is :a:B
2019-03-12_19-32-41/[DBG]/Resetting outputs
2019-03-12_19-32-41/[DBG]/Parsed note 52 as 0
2019-03-12_19-32-41/[DBG]/New output is :0
2019-03-12_19-32-41/[DBG]/Parsed note 57 as e
2019-03-12_19-32-41/[DBG]/New output is :0:e
2019-03-12_19-32-41/[DBG]/Parsed note 61 as T
2019-03-12_19-32-41/[DBG]/New output is :0:e:T
2019-03-12_19-32-41/[WRN]/Skipped note with value 33 because it was out of range
2019-03-12_19-32-41/[DBG]/Parsed note 45 as 6
2019-03-12_19-32-41/[DBG]/New output is :0:e:T:6
2019-03-12_19-32-41/[DBG]/Resetting outputs
2019-03-12_19-32-41/[DBG]/Parsed note 52 as 0
2019-03-12_19-32-41/[DBG]/New output is :0
2019-03-12_19-32-41/[DBG]/Parsed note 57 as e
2019-03-12_19-32-41/[DBG]/New output is :0:e
2019-03-12_19-32-41/[DBG]/Parsed note 61 as T
2019-03-12_19-32-41/[DBG]/New output is :0:e:T
2019-03-12_19-32-41/[WRN]/Skipped note with value 33 because it was out of range
2019-03-12_19-32-41/[DBG]/Parsed note 45 as 6
2019-03-12_19-32-41/[DBG]/New output is :0:e:T:6
2019-03-12_19-32-41/[DBG]/Resetting outputs
2019-03-12_19-32-41/[DBG]/Parsed note 52 as 0
2019-03-12_19-32-41/[DBG]/New output is :0
2019-03-12_19-32-41/[DBG]/Parsed note 57 as e
2019-03-12_19-32-41/[DBG]/New output is :0:e
2019-03-12_19-32-41/[DBG]/Parsed note 61 as T
2019-03-12_19-32-41/[DBG]/New output is :0:e:T
2019-03-12_19-32-41/[WRN]/Skipped note with value 33 because it was out of range
2019-03-12_19-32-41/[DBG]/Parsed note 45 as 6
2019-03-12_19-32-41/[DBG]/New output is :0:e:T:6
2019-03-12_19-32-41/[DBG]/Resetting outputs
2019-03-12_19-32-41/[DBG]/Parsed note 52 as 0
2019-03-12_19-32-41/[DBG]/New output is :0
2019-03-12_19-32-41/[DBG]/Parsed note 57 as e
2019-03-12_19-32-41/[DBG]/New output is :0:e
2019-03-12_19-32-41/[DBG]/Parsed note 61 as T
2019-03-12_19-32-41/[DBG]/New output is :0:e:T
2019-03-12_19-32-41/[WRN]/Skipped note with value 33 because it was out of range
2019-03-12_19-32-41/[DBG]/Parsed note 45 as 6
2019-03-12_19-32-41/[DBG]/New output is :0:e:T:6
2019-03-12_19-32-41/[DBG]/Resetting outputs
2019-03-12_19-32-41/[DBG]/Parsed note 52 as 0
2019-03-12_19-32-41/[DBG]/New output is :0
2019-03-12_19-32-41/[DBG]/Parsed note 57 as e
2019-03-12_19-32-41/[DBG]/New output is :0:e
2019-03-12_19-32-41/[DBG]/Parsed note 61 as T
2019-03-12_19-32-41/[DBG]/New output is :0:e:T
2019-03-12_19-32-41/[WRN]/Skipped note with value 33 because it was out of range
2019-03-12_19-32-41/[DBG]/Parsed note 45 as 6
2019-03-12_19-32-41/[DBG]/New output is :0:e:T:6
2019-03-12_19-32-41/[DBG]/Resetting outputs
2019-03-12_19-32-41/[DBG]/Parsed note 52 as 0
2019-03-12_19-32-41/[DBG]/New output is :0
2019-03-12_19-32-41/[DBG]/Parsed note 57 as e
2019-03-12_19-32-41/[DBG]/New output is :0:e
2019-03-12_19-32-41/[DBG]/Parsed note 61 as T
2019-03-12_19-32-41/[DBG]/New output is :0:e:T
2019-03-12_19-32-41/[WRN]/Skipped note with value 33 because it was out of range
2019-03-12_19-32-41/[DBG]/Parsed note 45 as 6
2019-03-12_19-32-41/[DBG]/New output is :0:e:T:6
2019-03-12_19-32-41/[DBG]/Resetting outputs
2019-03-12_19-32-41/[DBG]/Parsed note 52 as 0
2019-03-12_19-32-41/[DBG]/New output is :0
2019-03-12_19-32-41/[DBG]/Parsed note 57 as e
2019-03-12_19-32-41/[DBG]/New output is :0:e
2019-03-12_19-32-41/[DBG]/Parsed note 61 as T
2019-03-12_19-32-41/[DBG]/New output is :0:e:T
2019-03-12_19-32-41/[WRN]/Skipped note with value 33 because it was out of range
2019-03-12_19-32-41/[DBG]/Parsed note 45 as 6
2019-03-12_19-32-41/[DBG]/New output is :0:e:T:6
2019-03-12_19-32-41/[DBG]/Resetting outputs
2019-03-12_19-32-41/[DBG]/Parsed note 52 as 0
2019-03-12_19-32-41/[DBG]/New output is :0
2019-03-12_19-32-41/[DBG]/Parsed note 57 as e
2019-03-12_19-32-41/[DBG]/New output is :0:e
2019-03-12_19-32-41/[DBG]/Parsed note 61 as T
2019-03-12_19-32-41/[DBG]/New output is :0:e:T
2019-03-12_19-32-41/[WRN]/Skipped note with value 33 because it was out of range
2019-03-12_19-32-41/[DBG]/Parsed note 45 as 6
2019-03-12_19-32-41/[DBG]/New output is :0:e:T:6
2019-03-12_19-32-41/[DBG]/Resetting outputs
2019-03-12_19-32-41/[DBG]/Parsed note 52 as 0
2019-03-12_19-32-41/[DBG]/New output is :0
2019-03-12_19-32-41/[DBG]/Parsed note 57 as e
2019-03-12_19-32-41/[DBG]/New output is :0:e
2019-03-12_19-32-41/[DBG]/Parsed note 61 as T
2019-03-12_19-32-41/[DBG]/New output is :0:e:T
2019-03-12_19-32-41/[WRN]/Skipped note with value 33 because it was out of range
2019-03-12_19-32-41/[DBG]/Parsed note 45 as 6
2019-03-12_19-32-41/[DBG]/New output is :0:e:T:6
2019-03-12_19-32-41/[DBG]/Resetting outputs
2019-03-12_19-32-41/[DBG]/Parsed note 52 as 0
2019-03-12_19-32-41/[DBG]/New output is :0
2019-03-12_19-32-41/[DBG]/Parsed note 57 as e
2019-03-12_19-32-41/[DBG]/New output is :0:e
2019-03-12_19-32-41/[DBG]/Parsed note 61 as T
2019-03-12_19-32-41/[DBG]/New output is :0:e:T
2019-03-12_19-32-41/[WRN]/Skipped note with value 33 because it was out of range
2019-03-12_19-32-41/[DBG]/Parsed note 45 as 6
2019-03-12_19-32-41/[DBG]/New output is :0:e:T:6
2019-03-12_19-32-41/[DBG]/Resetting outputs
2019-03-12_19-32-41/[DBG]/Parsed note 51 as (
2019-03-12_19-32-41/[DBG]/New output is :(
2019-03-12_19-32-41/[DBG]/Parsed note 56 as W
2019-03-12_19-32-41/[DBG]/New output is :(:W
2019-03-12_19-32-41/[DBG]/Parsed note 59 as r
2019-03-12_19-32-41/[DBG]/New output is :(:W:r
2019-03-12_19-32-41/[WRN]/Skipped note with value 32 because it was out of range
2019-03-12_19-32-41/[DBG]/Parsed note 44 as %
2019-03-12_19-32-41/[DBG]/New output is :(:W:r:%
2019-03-12_19-32-41/[DBG]/Resetting outputs
2019-03-12_19-32-41/[DBG]/Parsed note 51 as (
2019-03-12_19-32-41/[DBG]/New output is :(
2019-03-12_19-32-41/[DBG]/Parsed note 56 as W
2019-03-12_19-32-41/[DBG]/New output is :(:W
2019-03-12_19-32-41/[DBG]/Parsed note 59 as r
2019-03-12_19-32-41/[DBG]/New output is :(:W:r
2019-03-12_19-32-41/[WRN]/Skipped note with value 32 because it was out of range
2019-03-12_19-32-41/[DBG]/Parsed note 44 as %
2019-03-12_19-32-41/[DBG]/New output is :(:W:r:%
2019-03-12_19-32-42/[DBG]/Resetting outputs
2019-03-12_19-32-42/[DBG]/Parsed note 56 as W
2019-03-12_19-32-42/[DBG]/New output is :W
2019-03-12_19-32-42/[DBG]/Parsed note 61 as T
2019-03-12_19-32-42/[DBG]/New output is :W:T
2019-03-12_19-32-42/[DBG]/Parsed note 64 as u
2019-03-12_19-32-42/[DBG]/New output is :W:T:u
2019-03-12_19-32-42/[DBG]/Parsed note 37 as !
2019-03-12_19-32-42/[DBG]/New output is :W:T:u:!
2019-03-12_19-32-42/[DBG]/Parsed note 49 as *
2019-03-12_19-32-42/[DBG]/New output is :W:T:u:!:*
2019-03-12_19-32-42/[DBG]/Resetting outputs
2019-03-12_19-32-42/[DBG]/Parsed note 56 as W
2019-03-12_19-32-42/[DBG]/New output is :W
2019-03-12_19-32-42/[DBG]/Parsed note 61 as T
2019-03-12_19-32-42/[DBG]/New output is :W:T
2019-03-12_19-32-42/[DBG]/Parsed note 64 as u
2019-03-12_19-32-42/[DBG]/New output is :W:T:u
2019-03-12_19-32-42/[DBG]/Resetting outputs
2019-03-12_19-32-42/[DBG]/Parsed note 73 as v
2019-03-12_19-32-42/[DBG]/New output is :v
2019-03-12_19-32-42/[DBG]/Parsed note 78 as m
2019-03-12_19-32-42/[DBG]/New output is :v:m
2019-03-12_19-32-42/[DBG]/Resetting outputs
2019-03-12_19-32-42/[DBG]/Parsed note 73 as v
2019-03-12_19-32-42/[DBG]/New output is :v
2019-03-12_19-32-42/[DBG]/Parsed note 78 as m
2019-03-12_19-32-42/[DBG]/New output is :v:m
2019-03-12_19-32-42/[DBG]/Resetting outputs
2019-03-12_19-32-42/[DBG]/Parsed note 71 as a
2019-03-12_19-32-42/[DBG]/New output is :a
2019-03-12_19-32-42/[DBG]/Parsed note 76 as B
2019-03-12_19-32-42/[DBG]/New output is :a:B
2019-03-12_19-32-42/[DBG]/Resetting outputs
2019-03-12_19-32-42/[DBG]/Parsed note 71 as a
2019-03-12_19-32-42/[DBG]/New output is :a
2019-03-12_19-32-42/[DBG]/Parsed note 76 as B
2019-03-12_19-32-42/[DBG]/New output is :a:B
2019-03-12_19-32-42/[DBG]/Resetting outputs
2019-03-12_19-32-42/[DBG]/Parsed note 68 as O
2019-03-12_19-32-42/[DBG]/New output is :O
2019-03-12_19-32-42/[DBG]/Parsed note 73 as v
2019-03-12_19-32-42/[DBG]/New output is :O:v
2019-03-12_19-32-42/[DBG]/Resetting outputs
2019-03-12_19-32-42/[DBG]/Parsed note 68 as O
2019-03-12_19-32-42/[DBG]/New output is :O
2019-03-12_19-32-42/[DBG]/Parsed note 73 as v
2019-03-12_19-32-42/[DBG]/New output is :O:v
2019-03-12_19-32-42/[DBG]/Resetting outputs
2019-03-12_19-32-42/[DBG]/Parsed note 71 as a
2019-03-12_19-32-42/[DBG]/New output is :a
2019-03-12_19-32-42/[DBG]/Parsed note 76 as B
2019-03-12_19-32-42/[DBG]/New output is :a:B
2019-03-12_19-32-42/[DBG]/Resetting outputs
2019-03-12_19-32-42/[DBG]/Parsed note 71 as a
2019-03-12_19-32-42/[DBG]/New output is :a
2019-03-12_19-32-42/[DBG]/Parsed note 76 as B
2019-03-12_19-32-42/[DBG]/New output is :a:B
2019-03-12_19-32-42/[DBG]/Resetting outputs
2019-03-12_19-32-42/[DBG]/Parsed note 73 as v
2019-03-12_19-32-42/[DBG]/New output is :v
2019-03-12_19-32-42/[DBG]/Parsed note 78 as m
2019-03-12_19-32-42/[DBG]/New output is :v:m
2019-03-12_19-32-42/[DBG]/Resetting outputs
2019-03-12_19-32-42/[DBG]/Parsed note 73 as v
2019-03-12_19-32-42/[DBG]/New output is :v
2019-03-12_19-32-42/[DBG]/Parsed note 78 as m
2019-03-12_19-32-42/[DBG]/New output is :v:m
2019-03-12_19-32-42/[DBG]/Resetting outputs
2019-03-12_19-32-42/[DBG]/Parsed note 71 as a
2019-03-12_19-32-42/[DBG]/New output is :a
2019-03-12_19-32-42/[DBG]/Parsed note 76 as B
2019-03-12_19-32-42/[DBG]/New output is :a:B
2019-03-12_19-32-42/[DBG]/Resetting outputs
2019-03-12_19-32-42/[DBG]/Parsed note 71 as a
2019-03-12_19-32-42/[DBG]/New output is :a
2019-03-12_19-32-42/[DBG]/Parsed note 76 as B
2019-03-12_19-32-42/[DBG]/New output is :a:B
2019-03-12_19-32-42/[DBG]/Resetting outputs
2019-03-12_19-32-42/[DBG]/Parsed note 68 as O
2019-03-12_19-32-42/[DBG]/New output is :O
2019-03-12_19-32-42/[DBG]/Parsed note 73 as v
2019-03-12_19-32-42/[DBG]/New output is :O:v
2019-03-12_19-32-42/[DBG]/Resetting outputs
2019-03-12_19-32-42/[DBG]/Parsed note 68 as O
2019-03-12_19-32-42/[DBG]/New output is :O
2019-03-12_19-32-42/[DBG]/Parsed note 73 as v
2019-03-12_19-32-42/[DBG]/New output is :O:v
2019-03-12_19-32-42/[DBG]/Resetting outputs
2019-03-12_19-32-42/[DBG]/Parsed note 71 as a
2019-03-12_19-32-42/[DBG]/New output is :a
2019-03-12_19-32-42/[DBG]/Parsed note 76 as B
2019-03-12_19-32-42/[DBG]/New output is :a:B
2019-03-12_19-32-42/[DBG]/Resetting outputs
2019-03-12_19-32-42/[DBG]/Parsed note 71 as a
2019-03-12_19-32-42/[DBG]/New output is :a
2019-03-12_19-32-42/[DBG]/Parsed note 76 as B
2019-03-12_19-32-42/[DBG]/New output is :a:B
2019-03-12_19-32-42/[DBG]/Resetting outputs
2019-03-12_19-32-42/[DBG]/Parsed note 73 as v
2019-03-12_19-32-42/[DBG]/New output is :v
2019-03-12_19-32-42/[DBG]/Parsed note 78 as m
2019-03-12_19-32-42/[DBG]/New output is :v:m
2019-03-12_19-32-42/[DBG]/Resetting outputs
2019-03-12_19-32-42/[DBG]/Parsed note 73 as v
2019-03-12_19-32-42/[DBG]/New output is :v
2019-03-12_19-32-42/[DBG]/Parsed note 78 as m
2019-03-12_19-32-42/[DBG]/New output is :v:m
2019-03-12_19-32-42/[DBG]/Resetting outputs
2019-03-12_19-32-42/[DBG]/Parsed note 71 as a
2019-03-12_19-32-42/[DBG]/New output is :a
2019-03-12_19-32-42/[DBG]/Parsed note 76 as B
2019-03-12_19-32-42/[DBG]/New output is :a:B
2019-03-12_19-32-42/[DBG]/Resetting outputs
2019-03-12_19-32-42/[DBG]/Parsed note 71 as a
2019-03-12_19-32-42/[DBG]/New output is :a
2019-03-12_19-32-42/[DBG]/Parsed note 76 as B
2019-03-12_19-32-42/[DBG]/New output is :a:B
2019-03-12_19-32-42/[DBG]/Resetting outputs
2019-03-12_19-32-42/[DBG]/Parsed note 68 as O
2019-03-12_19-32-42/[DBG]/New output is :O
2019-03-12_19-32-42/[DBG]/Parsed note 73 as v
2019-03-12_19-32-42/[DBG]/New output is :O:v
2019-03-12_19-32-42/[DBG]/Resetting outputs
2019-03-12_19-32-42/[DBG]/Parsed note 68 as O
2019-03-12_19-32-42/[DBG]/New output is :O
2019-03-12_19-32-42/[DBG]/Parsed note 73 as v
2019-03-12_19-32-42/[DBG]/New output is :O:v
2019-03-12_19-32-42/[DBG]/Resetting outputs
2019-03-12_19-32-43/[DBG]/Parsed note 66 as I
2019-03-12_19-32-43/[DBG]/New output is :I
2019-03-12_19-32-43/[DBG]/Parsed note 71 as a
2019-03-12_19-32-43/[DBG]/New output is :I:a
2019-03-12_19-32-43/[DBG]/Resetting outputs
2019-03-12_19-32-43/[DBG]/Parsed note 66 as I
2019-03-12_19-32-43/[DBG]/New output is :I
2019-03-12_19-32-43/[DBG]/Parsed note 71 as a
2019-03-12_19-32-43/[DBG]/New output is :I:a
2019-03-12_19-32-43/[DBG]/Resetting outputs
2019-03-12_19-32-43/[DBG]/Parsed note 68 as O
2019-03-12_19-32-43/[DBG]/New output is :O
2019-03-12_19-32-43/[DBG]/Parsed note 73 as v
2019-03-12_19-32-43/[DBG]/New output is :O:v
2019-03-12_19-32-43/[DBG]/Resetting outputs
2019-03-12_19-32-43/[DBG]/Parsed note 68 as O
2019-03-12_19-32-43/[DBG]/New output is :O
2019-03-12_19-32-43/[DBG]/Parsed note 73 as v
2019-03-12_19-32-43/[DBG]/New output is :O:v
2019-03-12_19-32-43/[DBG]/Resetting outputs
2019-03-12_19-32-43/[DBG]/Parsed note 66 as I
2019-03-12_19-32-43/[DBG]/New output is :I
2019-03-12_19-32-43/[DBG]/Parsed note 71 as a
2019-03-12_19-32-43/[DBG]/New output is :I:a
2019-03-12_19-32-43/[DBG]/Resetting outputs
2019-03-12_19-32-43/[DBG]/Parsed note 66 as I
2019-03-12_19-32-43/[DBG]/New output is :I
2019-03-12_19-32-43/[DBG]/Parsed note 71 as a
2019-03-12_19-32-43/[DBG]/New output is :I:a
2019-03-12_19-32-43/[DBG]/Resetting outputs
2019-03-12_19-32-43/[DBG]/Parsed note 68 as O
2019-03-12_19-32-43/[DBG]/New output is :O
2019-03-12_19-32-43/[DBG]/Parsed note 73 as v
2019-03-12_19-32-43/[DBG]/New output is :O:v
2019-03-12_19-32-43/[DBG]/Resetting outputs
2019-03-12_19-32-43/[DBG]/Parsed note 68 as O
2019-03-12_19-32-43/[DBG]/New output is :O
2019-03-12_19-32-43/[DBG]/Parsed note 73 as v
2019-03-12_19-32-43/[DBG]/New output is :O:v
2019-03-12_19-32-43/[DBG]/Resetting outputs
2019-03-12_19-32-43/[DBG]/Parsed note 73 as v
2019-03-12_19-32-43/[DBG]/New output is :v
2019-03-12_19-32-43/[DBG]/Parsed note 78 as m
2019-03-12_19-32-43/[DBG]/New output is :v:m
2019-03-12_19-32-43/[DBG]/Resetting outputs
2019-03-12_19-32-43/[DBG]/Parsed note 73 as v
2019-03-12_19-32-43/[DBG]/New output is :v
2019-03-12_19-32-43/[DBG]/Parsed note 78 as m
2019-03-12_19-32-43/[DBG]/New output is :v:m
2019-03-12_19-32-43/[DBG]/Resetting outputs
2019-03-12_19-32-43/[DBG]/Parsed note 71 as a
2019-03-12_19-32-43/[DBG]/New output is :a
2019-03-12_19-32-43/[DBG]/Parsed note 76 as B
2019-03-12_19-32-43/[DBG]/New output is :a:B
2019-03-12_19-32-43/[DBG]/Resetting outputs
2019-03-12_19-32-43/[DBG]/Parsed note 37 as !
2019-03-12_19-32-43/[DBG]/New output is :!
2019-03-12_19-32-43/[DBG]/Parsed note 49 as *
2019-03-12_19-32-43/[DBG]/New output is :!:*
2019-03-12_19-32-43/[DBG]/Resetting outputs
2019-03-12_19-32-43/[DBG]/Parsed note 71 as a
2019-03-12_19-32-43/[DBG]/New output is :a
2019-03-12_19-32-43/[DBG]/Parsed note 76 as B
2019-03-12_19-32-43/[DBG]/New output is :a:B
2019-03-12_19-32-43/[DBG]/Resetting outputs
2019-03-12_19-32-43/[DBG]/Parsed note 52 as 0
2019-03-12_19-32-43/[DBG]/New output is :0
2019-03-12_19-32-43/[DBG]/Parsed note 57 as e
2019-03-12_19-32-43/[DBG]/New output is :0:e
2019-03-12_19-32-43/[DBG]/Parsed note 61 as T
2019-03-12_19-32-43/[DBG]/New output is :0:e:T
2019-03-12_19-32-43/[WRN]/Skipped note with value 33 because it was out of range
2019-03-12_19-32-43/[DBG]/Parsed note 45 as 6
2019-03-12_19-32-43/[DBG]/New output is :0:e:T:6
2019-03-12_19-32-43/[DBG]/Resetting outputs
2019-03-12_19-32-43/[DBG]/Parsed note 52 as 0
2019-03-12_19-32-43/[DBG]/New output is :0
2019-03-12_19-32-43/[DBG]/Parsed note 57 as e
2019-03-12_19-32-43/[DBG]/New output is :0:e
2019-03-12_19-32-43/[DBG]/Parsed note 61 as T
2019-03-12_19-32-43/[DBG]/New output is :0:e:T
2019-03-12_19-32-43/[WRN]/Skipped note with value 33 because it was out of range
2019-03-12_19-32-43/[DBG]/Parsed note 45 as 6
2019-03-12_19-32-43/[DBG]/New output is :0:e:T:6
2019-03-12_19-32-43/[DBG]/Resetting outputs
2019-03-12_19-32-43/[DBG]/Parsed note 52 as 0
2019-03-12_19-32-43/[DBG]/New output is :0
2019-03-12_19-32-43/[DBG]/Parsed note 57 as e
2019-03-12_19-32-43/[DBG]/New output is :0:e
2019-03-12_19-32-43/[DBG]/Parsed note 61 as T
2019-03-12_19-32-43/[DBG]/New output is :0:e:T
2019-03-12_19-32-43/[WRN]/Skipped note with value 33 because it was out of range
2019-03-12_19-32-43/[DBG]/Parsed note 45 as 6
2019-03-12_19-32-43/[DBG]/New output is :0:e:T:6
2019-03-12_19-32-43/[DBG]/Resetting outputs
2019-03-12_19-32-43/[DBG]/Parsed note 52 as 0
2019-03-12_19-32-43/[DBG]/New output is :0
2019-03-12_19-32-43/[DBG]/Parsed note 57 as e
2019-03-12_19-32-43/[DBG]/New output is :0:e
2019-03-12_19-32-43/[DBG]/Parsed note 61 as T
2019-03-12_19-32-43/[DBG]/New output is :0:e:T
2019-03-12_19-32-43/[WRN]/Skipped note with value 33 because it was out of range
2019-03-12_19-32-43/[DBG]/Parsed note 45 as 6
2019-03-12_19-32-43/[DBG]/New output is :0:e:T:6
2019-03-12_19-32-43/[DBG]/Resetting outputs
2019-03-12_19-32-43/[DBG]/Parsed note 52 as 0
2019-03-12_19-32-43/[DBG]/New output is :0
2019-03-12_19-32-43/[DBG]/Parsed note 57 as e
2019-03-12_19-32-43/[DBG]/New output is :0:e
2019-03-12_19-32-43/[DBG]/Parsed note 61 as T
2019-03-12_19-32-43/[DBG]/New output is :0:e:T
2019-03-12_19-32-43/[WRN]/Skipped note with value 33 because it was out of range
2019-03-12_19-32-43/[DBG]/Parsed note 45 as 6
2019-03-12_19-32-43/[DBG]/New output is :0:e:T:6
2019-03-12_19-32-43/[DBG]/Resetting outputs
2019-03-12_19-32-43/[DBG]/Parsed note 52 as 0
2019-03-12_19-32-43/[DBG]/New output is :0
2019-03-12_19-32-43/[DBG]/Parsed note 57 as e
2019-03-12_19-32-43/[DBG]/New output is :0:e
2019-03-12_19-32-43/[DBG]/Parsed note 61 as T
2019-03-12_19-32-43/[DBG]/New output is :0:e:T
2019-03-12_19-32-43/[WRN]/Skipped note with value 33 because it was out of range
2019-03-12_19-32-43/[DBG]/Parsed note 45 as 6
2019-03-12_19-32-43/[DBG]/New output is :0:e:T:6
2019-03-12_19-32-43/[DBG]/Resetting outputs
2019-03-12_19-32-43/[DBG]/Parsed note 52 as 0
2019-03-12_19-32-43/[DBG]/New output is :0
2019-03-12_19-32-43/[DBG]/Parsed note 57 as e
2019-03-12_19-32-43/[DBG]/New output is :0:e
2019-03-12_19-32-43/[DBG]/Parsed note 61 as T
2019-03-12_19-32-43/[DBG]/New output is :0:e:T
2019-03-12_19-32-43/[WRN]/Skipped note with value 33 because it was out of range
2019-03-12_19-32-43/[DBG]/Parsed note 45 as 6
2019-03-12_19-32-43/[DBG]/New output is :0:e:T:6
2019-03-12_19-32-44/[DBG]/Resetting outputs
2019-03-12_19-32-44/[DBG]/Parsed note 52 as 0
2019-03-12_19-32-44/[DBG]/New output is :0
2019-03-12_19-32-44/[DBG]/Parsed note 57 as e
2019-03-12_19-32-44/[DBG]/New output is :0:e
2019-03-12_19-32-44/[DBG]/Parsed note 61 as T
2019-03-12_19-32-44/[DBG]/New output is :0:e:T
2019-03-12_19-32-44/[WRN]/Skipped note with value 33 because it was out of range
2019-03-12_19-32-44/[DBG]/Parsed note 45 as 6
2019-03-12_19-32-44/[DBG]/New output is :0:e:T:6
2019-03-12_19-32-44/[DBG]/Resetting outputs
2019-03-12_19-32-44/[DBG]/Parsed note 52 as 0
2019-03-12_19-32-44/[DBG]/New output is :0
2019-03-12_19-32-44/[DBG]/Parsed note 57 as e
2019-03-12_19-32-44/[DBG]/New output is :0:e
2019-03-12_19-32-44/[DBG]/Parsed note 61 as T
2019-03-12_19-32-44/[DBG]/New output is :0:e:T
2019-03-12_19-32-44/[WRN]/Skipped note with value 33 because it was out of range
2019-03-12_19-32-44/[DBG]/Parsed note 45 as 6
2019-03-12_19-32-44/[DBG]/New output is :0:e:T:6
2019-03-12_19-32-44/[DBG]/Resetting outputs
2019-03-12_19-32-44/[DBG]/Parsed note 52 as 0
2019-03-12_19-32-44/[DBG]/New output is :0
2019-03-12_19-32-44/[DBG]/Parsed note 57 as e
2019-03-12_19-32-44/[DBG]/New output is :0:e
2019-03-12_19-32-44/[DBG]/Parsed note 61 as T
2019-03-12_19-32-44/[DBG]/New output is :0:e:T
2019-03-12_19-32-44/[WRN]/Skipped note with value 33 because it was out of range
2019-03-12_19-32-44/[DBG]/Parsed note 45 as 6
2019-03-12_19-32-44/[DBG]/New output is :0:e:T:6
2019-03-12_19-32-44/[DBG]/Resetting outputs
2019-03-12_19-32-44/[DBG]/Parsed note 51 as (
2019-03-12_19-32-44/[DBG]/New output is :(
2019-03-12_19-32-44/[DBG]/Parsed note 56 as W
2019-03-12_19-32-44/[DBG]/New output is :(:W
2019-03-12_19-32-44/[DBG]/Parsed note 59 as r
2019-03-12_19-32-44/[DBG]/New output is :(:W:r
2019-03-12_19-32-44/[WRN]/Skipped note with value 32 because it was out of range
2019-03-12_19-32-44/[DBG]/Parsed note 44 as %
2019-03-12_19-32-44/[DBG]/New output is :(:W:r:%
2019-03-12_19-32-44/[DBG]/Resetting outputs
2019-03-12_19-32-44/[DBG]/Parsed note 51 as (
2019-03-12_19-32-44/[DBG]/New output is :(
2019-03-12_19-32-44/[DBG]/Parsed note 56 as W
2019-03-12_19-32-44/[DBG]/New output is :(:W
2019-03-12_19-32-44/[DBG]/Parsed note 59 as r
2019-03-12_19-32-44/[DBG]/New output is :(:W:r
2019-03-12_19-32-44/[WRN]/Skipped note with value 32 because it was out of range
2019-03-12_19-32-44/[DBG]/Parsed note 44 as %
2019-03-12_19-32-44/[DBG]/New output is :(:W:r:%
2019-03-12_19-32-44/[DBG]/Resetting outputs
2019-03-12_19-32-44/[DBG]/Parsed note 56 as W
2019-03-12_19-32-44/[DBG]/New output is :W
2019-03-12_19-32-44/[DBG]/Parsed note 61 as T
2019-03-12_19-32-44/[DBG]/New output is :W:T
2019-03-12_19-32-44/[DBG]/Parsed note 64 as u
2019-03-12_19-32-44/[DBG]/New output is :W:T:u
2019-03-12_19-32-44/[DBG]/Parsed note 37 as !
2019-03-12_19-32-44/[DBG]/New output is :W:T:u:!
2019-03-12_19-32-44/[DBG]/Parsed note 49 as *
2019-03-12_19-32-44/[DBG]/New output is :W:T:u:!:*
2019-03-12_19-32-44/[DBG]/Resetting outputs
2019-03-12_19-32-44/[DBG]/Parsed note 56 as W
2019-03-12_19-32-44/[DBG]/New output is :W
2019-03-12_19-32-44/[DBG]/Parsed note 61 as T
2019-03-12_19-32-44/[DBG]/New output is :W:T
2019-03-12_19-32-44/[DBG]/Parsed note 64 as u
2019-03-12_19-32-44/[DBG]/New output is :W:T:u
2019-03-12_19-32-44/[DBG]/Resetting outputs
2019-03-12_19-32-44/[DBG]/Parsed note 73 as v
2019-03-12_19-32-44/[DBG]/New output is :v
2019-03-12_19-32-44/[DBG]/Parsed note 78 as m
2019-03-12_19-32-44/[DBG]/New output is :v:m
2019-03-12_19-32-44/[DBG]/Resetting outputs
2019-03-12_19-32-44/[DBG]/Parsed note 73 as v
2019-03-12_19-32-44/[DBG]/New output is :v
2019-03-12_19-32-44/[DBG]/Parsed note 78 as m
2019-03-12_19-32-44/[DBG]/New output is :v:m
2019-03-12_19-32-44/[DBG]/Resetting outputs
2019-03-12_19-32-44/[DBG]/Parsed note 71 as a
2019-03-12_19-32-44/[DBG]/New output is :a
2019-03-12_19-32-44/[DBG]/Parsed note 76 as B
2019-03-12_19-32-44/[DBG]/New output is :a:B
2019-03-12_19-32-44/[DBG]/Resetting outputs
2019-03-12_19-32-44/[DBG]/Parsed note 71 as a
2019-03-12_19-32-44/[DBG]/New output is :a
2019-03-12_19-32-44/[DBG]/Parsed note 76 as B
2019-03-12_19-32-44/[DBG]/New output is :a:B
2019-03-12_19-32-44/[DBG]/Resetting outputs
2019-03-12_19-32-44/[DBG]/Parsed note 68 as O
2019-03-12_19-32-44/[DBG]/New output is :O
2019-03-12_19-32-44/[DBG]/Parsed note 73 as v
2019-03-12_19-32-44/[DBG]/New output is :O:v
2019-03-12_19-32-44/[DBG]/Resetting outputs
2019-03-12_19-32-44/[DBG]/Parsed note 68 as O
2019-03-12_19-32-44/[DBG]/New output is :O
2019-03-12_19-32-44/[DBG]/Parsed note 73 as v
2019-03-12_19-32-44/[DBG]/New output is :O:v
2019-03-12_19-32-44/[DBG]/Resetting outputs
2019-03-12_19-32-44/[DBG]/Parsed note 71 as a
2019-03-12_19-32-44/[DBG]/New output is :a
2019-03-12_19-32-44/[DBG]/Parsed note 76 as B
2019-03-12_19-32-44/[DBG]/New output is :a:B
2019-03-12_19-32-44/[DBG]/Resetting outputs
2019-03-12_19-32-44/[DBG]/Parsed note 71 as a
2019-03-12_19-32-44/[DBG]/New output is :a
2019-03-12_19-32-44/[DBG]/Parsed note 76 as B
2019-03-12_19-32-44/[DBG]/New output is :a:B
2019-03-12_19-32-44/[DBG]/Resetting outputs
2019-03-12_19-32-44/[DBG]/Parsed note 73 as v
2019-03-12_19-32-44/[DBG]/New output is :v
2019-03-12_19-32-44/[DBG]/Parsed note 78 as m
2019-03-12_19-32-44/[DBG]/New output is :v:m
2019-03-12_19-32-44/[DBG]/Resetting outputs
2019-03-12_19-32-44/[DBG]/Parsed note 73 as v
2019-03-12_19-32-44/[DBG]/New output is :v
2019-03-12_19-32-44/[DBG]/Parsed note 78 as m
2019-03-12_19-32-44/[DBG]/New output is :v:m
2019-03-12_19-32-44/[DBG]/Resetting outputs
2019-03-12_19-32-44/[DBG]/Parsed note 71 as a
2019-03-12_19-32-44/[DBG]/New output is :a
2019-03-12_19-32-44/[DBG]/Parsed note 76 as B
2019-03-12_19-32-44/[DBG]/New output is :a:B
2019-03-12_19-32-44/[DBG]/Resetting outputs
2019-03-12_19-32-44/[DBG]/Parsed note 71 as a
2019-03-12_19-32-44/[DBG]/New output is :a
2019-03-12_19-32-44/[DBG]/Parsed note 76 as B
2019-03-12_19-32-44/[DBG]/New output is :a:B
2019-03-12_19-32-44/[DBG]/Resetting outputs
2019-03-12_19-32-44/[DBG]/Parsed note 68 as O
2019-03-12_19-32-44/[DBG]/New output is :O
2019-03-12_19-32-44/[DBG]/Parsed note 73 as v
2019-03-12_19-32-44/[DBG]/New output is :O:v
2019-03-12_19-32-44/[DBG]/Resetting outputs
2019-03-12_19-32-44/[DBG]/Parsed note 68 as O
2019-03-12_19-32-44/[DBG]/New output is :O
2019-03-12_19-32-44/[DBG]/Parsed note 73 as v
2019-03-12_19-32-44/[DBG]/New output is :O:v
2019-03-12_19-32-44/[DBG]/Resetting outputs
2019-03-12_19-32-44/[DBG]/Parsed note 71 as a
2019-03-12_19-32-44/[DBG]/New output is :a
2019-03-12_19-32-44/[DBG]/Parsed note 76 as B
2019-03-12_19-32-44/[DBG]/New output is :a:B
2019-03-12_19-32-44/[DBG]/Resetting outputs
2019-03-12_19-32-44/[DBG]/Parsed note 71 as a
2019-03-12_19-32-44/[DBG]/New output is :a
2019-03-12_19-32-44/[DBG]/Parsed note 76 as B
2019-03-12_19-32-44/[DBG]/New output is :a:B
2019-03-12_19-32-44/[DBG]/Resetting outputs
2019-03-12_19-32-44/[DBG]/Parsed note 73 as v
2019-03-12_19-32-44/[DBG]/New output is :v
2019-03-12_19-32-44/[DBG]/Parsed note 78 as m
2019-03-12_19-32-44/[DBG]/New output is :v:m
2019-03-12_19-32-44/[DBG]/Resetting outputs
2019-03-12_19-32-44/[DBG]/Parsed note 73 as v
2019-03-12_19-32-44/[DBG]/New output is :v
2019-03-12_19-32-44/[DBG]/Parsed note 78 as m
2019-03-12_19-32-44/[DBG]/New output is :v:m
2019-03-12_19-32-44/[DBG]/Resetting outputs
2019-03-12_19-32-44/[DBG]/Parsed note 71 as a
2019-03-12_19-32-44/[DBG]/New output is :a
2019-03-12_19-32-44/[DBG]/Parsed note 76 as B
2019-03-12_19-32-44/[DBG]/New output is :a:B
2019-03-12_19-32-44/[DBG]/Resetting outputs
2019-03-12_19-32-44/[DBG]/Parsed note 71 as a
2019-03-12_19-32-44/[DBG]/New output is :a
2019-03-12_19-32-44/[DBG]/Parsed note 76 as B
2019-03-12_19-32-44/[DBG]/New output is :a:B
2019-03-12_19-32-44/[DBG]/Resetting outputs
2019-03-12_19-32-44/[DBG]/Parsed note 68 as O
2019-03-12_19-32-44/[DBG]/New output is :O
2019-03-12_19-32-44/[DBG]/Parsed note 73 as v
2019-03-12_19-32-45/[DBG]/New output is :O:v
2019-03-12_19-32-45/[DBG]/Resetting outputs
2019-03-12_19-32-45/[DBG]/Parsed note 68 as O
2019-03-12_19-32-45/[DBG]/New output is :O
2019-03-12_19-32-45/[DBG]/Parsed note 73 as v
2019-03-12_19-32-45/[DBG]/New output is :O:v
2019-03-12_19-32-45/[DBG]/Resetting outputs
2019-03-12_19-32-45/[DBG]/Parsed note 66 as I
2019-03-12_19-32-45/[DBG]/New output is :I
2019-03-12_19-32-45/[DBG]/Parsed note 71 as a
2019-03-12_19-32-45/[DBG]/New output is :I:a
2019-03-12_19-32-45/[DBG]/Resetting outputs
2019-03-12_19-32-45/[DBG]/Parsed note 66 as I
2019-03-12_19-32-45/[DBG]/New output is :I
2019-03-12_19-32-45/[DBG]/Parsed note 71 as a
2019-03-12_19-32-45/[DBG]/New output is :I:a
2019-03-12_19-32-45/[DBG]/Resetting outputs
2019-03-12_19-32-45/[DBG]/Parsed note 68 as O
2019-03-12_19-32-45/[DBG]/New output is :O
2019-03-12_19-32-45/[DBG]/Parsed note 73 as v
2019-03-12_19-32-45/[DBG]/New output is :O:v
2019-03-12_19-32-45/[DBG]/Resetting outputs
2019-03-12_19-32-45/[DBG]/Parsed note 68 as O
2019-03-12_19-32-45/[DBG]/New output is :O
2019-03-12_19-32-45/[DBG]/Parsed note 73 as v
2019-03-12_19-32-45/[DBG]/New output is :O:v
2019-03-12_19-32-45/[DBG]/Resetting outputs
2019-03-12_19-32-45/[DBG]/Parsed note 66 as I
2019-03-12_19-32-45/[DBG]/New output is :I
2019-03-12_19-32-45/[DBG]/Parsed note 71 as a
2019-03-12_19-32-45/[DBG]/New output is :I:a
2019-03-12_19-32-45/[DBG]/Resetting outputs
2019-03-12_19-32-45/[DBG]/Parsed note 66 as I
2019-03-12_19-32-45/[DBG]/New output is :I
2019-03-12_19-32-45/[DBG]/Parsed note 71 as a
2019-03-12_19-32-45/[DBG]/New output is :I:a
2019-03-12_19-32-45/[DBG]/Resetting outputs
2019-03-12_19-32-45/[DBG]/Parsed note 68 as O
2019-03-12_19-32-45/[DBG]/New output is :O
2019-03-12_19-32-45/[DBG]/Parsed note 73 as v
2019-03-12_19-32-45/[DBG]/New output is :O:v
2019-03-12_19-32-45/[DBG]/Resetting outputs
2019-03-12_19-32-45/[DBG]/Parsed note 68 as O
2019-03-12_19-32-45/[DBG]/New output is :O
2019-03-12_19-32-45/[DBG]/Parsed note 73 as v
2019-03-12_19-32-45/[DBG]/New output is :O:v
2019-03-12_19-32-45/[DBG]/Resetting outputs
2019-03-12_19-32-45/[DBG]/Parsed note 73 as v
2019-03-12_19-32-45/[DBG]/New output is :v
2019-03-12_19-32-45/[DBG]/Parsed note 78 as m
2019-03-12_19-32-45/[DBG]/New output is :v:m
2019-03-12_19-32-45/[DBG]/Resetting outputs
2019-03-12_19-32-45/[DBG]/Parsed note 73 as v
2019-03-12_19-32-45/[DBG]/New output is :v
2019-03-12_19-32-45/[DBG]/Parsed note 78 as m
2019-03-12_19-32-45/[DBG]/New output is :v:m
2019-03-12_19-32-45/[DBG]/Resetting outputs
2019-03-12_19-32-45/[DBG]/Parsed note 71 as a
2019-03-12_19-32-45/[DBG]/New output is :a
2019-03-12_19-32-45/[DBG]/Parsed note 76 as B
2019-03-12_19-32-45/[DBG]/New output is :a:B
2019-03-12_19-32-45/[DBG]/Resetting outputs
2019-03-12_19-32-45/[DBG]/Parsed note 37 as !
2019-03-12_19-32-45/[DBG]/New output is :!
2019-03-12_19-32-45/[DBG]/Parsed note 49 as *
2019-03-12_19-32-45/[DBG]/New output is :!:*
2019-03-12_19-32-45/[DBG]/Resetting outputs
2019-03-12_19-32-45/[DBG]/Parsed note 71 as a
2019-03-12_19-32-45/[DBG]/New output is :a
2019-03-12_19-32-45/[DBG]/Parsed note 76 as B
2019-03-12_19-32-45/[DBG]/New output is :a:B
2019-03-12_19-32-45/[DBG]/Resetting outputs
2019-03-12_19-32-45/[DBG]/Parsed note 54 as Q
2019-03-12_19-32-45/[DBG]/New output is :Q
2019-03-12_19-32-45/[DBG]/Parsed note 59 as r
2019-03-12_19-32-45/[DBG]/New output is :Q:r
2019-03-12_19-32-45/[DBG]/Parsed note 63 as Y
2019-03-12_19-32-45/[DBG]/New output is :Q:r:Y
2019-03-12_19-32-45/[WRN]/Skipped note with value 35 because it was out of range
2019-03-12_19-32-45/[DBG]/Parsed note 47 as 7
2019-03-12_19-32-45/[DBG]/New output is :Q:r:Y:7
2019-03-12_19-32-45/[DBG]/Resetting outputs
2019-03-12_19-32-45/[DBG]/Parsed note 66 as I
2019-03-12_19-32-45/[DBG]/New output is :I
2019-03-12_19-32-45/[DBG]/Resetting outputs
2019-03-12_19-32-45/[DBG]/Parsed note 66 as I
2019-03-12_19-32-45/[DBG]/New output is :I
2019-03-12_19-32-45/[DBG]/Resetting outputs
2019-03-12_19-32-45/[DBG]/Parsed note 66 as I
2019-03-12_19-32-45/[DBG]/New output is :I
2019-03-12_19-32-45/[DBG]/Resetting outputs
2019-03-12_19-32-45/[WRN]/Skipped note with value 35 because it was out of range
2019-03-12_19-32-45/[DBG]/Parsed note 47 as 7
2019-03-12_19-32-45/[DBG]/New output is :7
2019-03-12_19-32-45/[DBG]/Resetting outputs
2019-03-12_19-32-45/[DBG]/Parsed note 66 as I
2019-03-12_19-32-45/[DBG]/New output is :I
2019-03-12_19-32-45/[DBG]/Resetting outputs
2019-03-12_19-32-45/[DBG]/Parsed note 66 as I
2019-03-12_19-32-45/[DBG]/New output is :I
2019-03-12_19-32-45/[WRN]/Skipped note with value 35 because it was out of range
2019-03-12_19-32-45/[DBG]/Parsed note 47 as 7
2019-03-12_19-32-45/[DBG]/New output is :I:7
2019-03-12_19-32-45/[DBG]/Resetting outputs
2019-03-12_19-32-45/[DBG]/Parsed note 66 as I
2019-03-12_19-32-45/[DBG]/New output is :I
2019-03-12_19-32-45/[WRN]/Skipped note with value 35 because it was out of range
2019-03-12_19-32-45/[DBG]/Parsed note 47 as 7
2019-03-12_19-32-45/[DBG]/New output is :I:7
2019-03-12_19-32-45/[DBG]/Resetting outputs
2019-03-12_19-32-45/[DBG]/Parsed note 66 as I
2019-03-12_19-32-45/[DBG]/New output is :I
2019-03-12_19-32-45/[WRN]/Skipped note with value 35 because it was out of range
2019-03-12_19-32-45/[DBG]/Parsed note 47 as 7
2019-03-12_19-32-45/[DBG]/New output is :I:7
2019-03-12_19-32-45/[DBG]/Resetting outputs
2019-03-12_19-32-45/[DBG]/Parsed note 54 as Q
2019-03-12_19-32-45/[DBG]/New output is :Q
2019-03-12_19-32-45/[DBG]/Parsed note 59 as r
2019-03-12_19-32-45/[DBG]/New output is :Q:r
2019-03-12_19-32-45/[DBG]/Parsed note 63 as Y
2019-03-12_19-32-45/[DBG]/New output is :Q:r:Y
2019-03-12_19-32-45/[DBG]/Resetting outputs
2019-03-12_19-32-45/[DBG]/Parsed note 66 as I
2019-03-12_19-32-45/[DBG]/New output is :I
2019-03-12_19-32-45/[WRN]/Skipped note with value 35 because it was out of range
2019-03-12_19-32-45/[DBG]/Parsed note 47 as 7
2019-03-12_19-32-45/[DBG]/New output is :I:7
2019-03-12_19-32-45/[DBG]/Resetting outputs
2019-03-12_19-32-45/[DBG]/Parsed note 66 as I
2019-03-12_19-32-45/[DBG]/New output is :I
2019-03-12_19-32-45/[DBG]/Parsed note 58 as E
2019-03-12_19-32-45/[DBG]/New output is :I:E
2019-03-12_19-32-45/[DBG]/Parsed note 61 as T
2019-03-12_19-32-45/[DBG]/New output is :I:E:T
2019-03-12_19-32-45/[DBG]/Parsed note 39 as "
2019-03-12_19-32-45/[DBG]/New output is :I:E:T:"
2019-03-12_19-32-45/[DBG]/Parsed note 51 as (
2019-03-12_19-32-45/[DBG]/New output is :I:E:T:":(
2019-03-12_19-32-45/[DBG]/Resetting outputs
2019-03-12_19-32-45/[DBG]/Parsed note 66 as I
2019-03-12_19-32-45/[DBG]/New output is :I
2019-03-12_19-32-45/[DBG]/Resetting outputs
2019-03-12_19-32-45/[DBG]/Parsed note 66 as I
2019-03-12_19-32-45/[DBG]/New output is :I
2019-03-12_19-32-45/[DBG]/Resetting outputs
2019-03-12_19-32-45/[DBG]/Parsed note 39 as "
2019-03-12_19-32-45/[DBG]/New output is :"
2019-03-12_19-32-45/[DBG]/Parsed note 51 as (
2019-03-12_19-32-45/[DBG]/New output is :":(
2019-03-12_19-32-45/[DBG]/Resetting outputs
2019-03-12_19-32-45/[DBG]/Parsed note 39 as "
2019-03-12_19-32-45/[DBG]/New output is :"
2019-03-12_19-32-45/[DBG]/Parsed note 51 as (
2019-03-12_19-32-45/[DBG]/New output is :":(
2019-03-12_19-32-45/[DBG]/Resetting outputs
2019-03-12_19-32-45/[DBG]/Parsed note 66 as I
2019-03-12_19-32-45/[DBG]/New output is :I
2019-03-12_19-32-45/[DBG]/Resetting outputs
2019-03-12_19-32-45/[DBG]/Parsed note 39 as "
2019-03-12_19-32-45/[DBG]/New output is :"
2019-03-12_19-32-45/[DBG]/Parsed note 51 as (
2019-03-12_19-32-46/[DBG]/New output is :":(
2019-03-12_19-32-46/[DBG]/Resetting outputs
2019-03-12_19-32-46/[DBG]/Parsed note 68 as O
2019-03-12_19-32-46/[DBG]/New output is :O
2019-03-12_19-32-46/[DBG]/Parsed note 39 as "
2019-03-12_19-32-46/[DBG]/New output is :O:"
2019-03-12_19-32-46/[DBG]/Parsed note 51 as (
2019-03-12_19-32-46/[DBG]/New output is :O:":(
2019-03-12_19-32-46/[DBG]/Resetting outputs
2019-03-12_19-32-46/[DBG]/Parsed note 68 as O
2019-03-12_19-32-46/[DBG]/New output is :O
2019-03-12_19-32-46/[DBG]/Resetting outputs
2019-03-12_19-32-46/[DBG]/Parsed note 70 as P
2019-03-12_19-32-46/[DBG]/New output is :P
2019-03-12_19-32-46/[DBG]/Resetting outputs
2019-03-12_19-32-46/[DBG]/Parsed note 70 as P
2019-03-12_19-32-46/[DBG]/New output is :P
2019-03-12_19-32-46/[DBG]/Resetting outputs
2019-03-12_19-32-46/[DBG]/Parsed note 71 as a
2019-03-12_19-32-46/[DBG]/New output is :a
2019-03-12_19-32-46/[DBG]/Resetting outputs
2019-03-12_19-32-46/[DBG]/Parsed note 58 as E
2019-03-12_19-32-46/[DBG]/New output is :E
2019-03-12_19-32-46/[DBG]/Parsed note 61 as T
2019-03-12_19-32-46/[DBG]/New output is :E:T
2019-03-12_19-32-46/[DBG]/Resetting outputs
2019-03-12_19-32-46/[DBG]/Parsed note 39 as "
2019-03-12_19-32-46/[DBG]/New output is :"
2019-03-12_19-32-46/[DBG]/Parsed note 51 as (
2019-03-12_19-32-46/[DBG]/New output is :":(
2019-03-12_19-32-46/[DBG]/Resetting outputs
2019-03-12_19-32-46/[DBG]/Parsed note 56 as W
2019-03-12_19-32-46/[DBG]/New output is :W
2019-03-12_19-32-46/[DBG]/Parsed note 59 as r
2019-03-12_19-32-46/[DBG]/New output is :W:r
2019-03-12_19-32-46/[DBG]/Parsed note 63 as Y
2019-03-12_19-32-46/[DBG]/New output is :W:r:Y
2019-03-12_19-32-46/[WRN]/Skipped note with value 32 because it was out of range
2019-03-12_19-32-46/[DBG]/Parsed note 44 as %
2019-03-12_19-32-46/[DBG]/New output is :W:r:Y:%
2019-03-12_19-32-46/[DBG]/Resetting outputs
2019-03-12_19-32-46/[WRN]/Skipped note with value 32 because it was out of range
2019-03-12_19-32-46/[DBG]/Parsed note 44 as %
2019-03-12_19-32-46/[DBG]/New output is :%
2019-03-12_19-32-46/[DBG]/Resetting outputs
2019-03-12_19-32-46/[WRN]/Skipped note with value 32 because it was out of range
2019-03-12_19-32-46/[DBG]/Parsed note 44 as %
2019-03-12_19-32-46/[DBG]/New output is :%
2019-03-12_19-32-46/[DBG]/Resetting outputs
2019-03-12_19-32-46/[WRN]/Skipped note with value 32 because it was out of range
2019-03-12_19-32-46/[DBG]/Parsed note 44 as %
2019-03-12_19-32-46/[DBG]/New output is :%
2019-03-12_19-32-46/[DBG]/Resetting outputs
2019-03-12_19-32-46/[WRN]/Skipped note with value 32 because it was out of range
2019-03-12_19-32-46/[DBG]/Parsed note 44 as %
2019-03-12_19-32-46/[DBG]/New output is :%
2019-03-12_19-32-46/[DBG]/Resetting outputs
2019-03-12_19-32-46/[DBG]/Parsed note 71 as a
2019-03-12_19-32-46/[DBG]/New output is :a
2019-03-12_19-32-46/[DBG]/Resetting outputs
2019-03-12_19-32-46/[WRN]/Skipped note with value 32 because it was out of range
2019-03-12_19-32-46/[DBG]/Parsed note 44 as %
2019-03-12_19-32-46/[DBG]/New output is :%
2019-03-12_19-32-46/[DBG]/Resetting outputs
2019-03-12_19-32-46/[DBG]/Parsed note 63 as Y
2019-03-12_19-32-46/[DBG]/New output is :Y
2019-03-12_19-32-46/[WRN]/Skipped note with value 30 because it was out of range
2019-03-12_19-32-46/[DBG]/Parsed note 42 as $
2019-03-12_19-32-46/[DBG]/New output is :Y:$
2019-03-12_19-32-46/[DBG]/Resetting outputs
2019-03-12_19-32-46/[DBG]/Parsed note 63 as Y
2019-03-12_19-32-46/[DBG]/New output is :Y
2019-03-12_19-32-46/[DBG]/Resetting outputs
2019-03-12_19-32-46/[DBG]/Parsed note 63 as Y
2019-03-12_19-32-46/[DBG]/New output is :Y
2019-03-12_19-32-46/[DBG]/Resetting outputs
2019-03-12_19-32-46/[WRN]/Skipped note with value 30 because it was out of range
2019-03-12_19-32-46/[DBG]/Parsed note 42 as $
2019-03-12_19-32-46/[DBG]/New output is :$
2019-03-12_19-32-46/[DBG]/Resetting outputs
2019-03-12_19-32-46/[WRN]/Skipped note with value 30 because it was out of range
2019-03-12_19-32-46/[DBG]/Parsed note 42 as $
2019-03-12_19-32-46/[DBG]/New output is :$
2019-03-12_19-32-46/[DBG]/Resetting outputs
2019-03-12_19-32-46/[DBG]/Parsed note 63 as Y
2019-03-12_19-32-46/[DBG]/New output is :Y
2019-03-12_19-32-46/[DBG]/Resetting outputs
2019-03-12_19-32-46/[WRN]/Skipped note with value 30 because it was out of range
2019-03-12_19-32-46/[DBG]/Parsed note 42 as $
2019-03-12_19-32-46/[DBG]/New output is :$
2019-03-12_19-32-46/[DBG]/Resetting outputs
2019-03-12_19-32-46/[DBG]/Parsed note 64 as u
2019-03-12_19-32-46/[DBG]/New output is :u
2019-03-12_19-32-46/[WRN]/Skipped note with value 30 because it was out of range
2019-03-12_19-32-46/[DBG]/Parsed note 42 as $
2019-03-12_19-32-46/[DBG]/New output is :u:$
2019-03-12_19-32-46/[DBG]/Resetting outputs
2019-03-12_19-32-46/[DBG]/Parsed note 64 as u
2019-03-12_19-32-46/[DBG]/New output is :u
2019-03-12_19-32-46/[DBG]/Resetting outputs
2019-03-12_19-32-46/[DBG]/Parsed note 66 as I
2019-03-12_19-32-46/[DBG]/New output is :I
2019-03-12_19-32-46/[DBG]/Resetting outputs
2019-03-12_19-32-46/[DBG]/Parsed note 66 as I
