2019-03-12_18-54-29/[INF]/Starting parsing of midi file. This could take a while.
2019-03-12_18-54-29/[DBG]/Skipping over a message because there was no note value e/'Message' object has no attribute 'note'
2019-03-12_18-54-29/[DBG]/Skipping over a message because there was no note value e/'Message' object has no attribute 'note'
2019-03-12_18-54-29/[DBG]/Skipping over a message because there was no note value e/'Message' object has no attribute 'note'
2019-03-12_18-54-29/[DBG]/Skipping over a message because there was no note value e/'Message' object has no attribute 'note'
2019-03-12_18-54-29/[DBG]/Skipping over a message because there was no note value e/'Message' object has no attribute 'note'
2019-03-12_18-54-29/[DBG]/Skipping over a message because there was no note value e/'Message' object has no attribute 'note'
2019-03-12_18-54-29/[DBG]/Parsed note 40 as 3
2019-03-12_18-54-29/[DBG]/Skipping over a message because there was no note value e/must be str, not NoneType
2019-03-12_18-54-29/[DBG]/Resetting outputs
2019-03-12_18-54-29/[DBG]/Parsed note 40 as 3
2019-03-12_18-54-29/[DBG]/Skipping over a message because there was no note value e/must be str, not NoneType
2019-03-12_18-54-29/[DBG]/Resetting outputs
2019-03-12_18-54-29/[DBG]/Parsed note 40 as 3
2019-03-12_18-54-29/[DBG]/Skipping over a message because there was no note value e/must be str, not NoneType
2019-03-12_18-54-29/[DBG]/Resetting outputs
2019-03-12_18-54-29/[DBG]/Parsed note 40 as 3
2019-03-12_18-54-29/[DBG]/Skipping over a message because there was no note value e/must be str, not NoneType
2019-03-12_18-54-29/[DBG]/Resetting outputs
2019-03-12_18-54-29/[DBG]/Parsed note 40 as 3
2019-03-12_18-54-29/[DBG]/Skipping over a message because there was no note value e/must be str, not NoneType
2019-03-12_18-54-29/[DBG]/Resetting outputs
2019-03-12_18-54-29/[DBG]/Parsed note 40 as 3
2019-03-12_18-54-29/[DBG]/Skipping over a message because there was no note value e/must be str, not NoneType
2019-03-12_18-54-29/[DBG]/Resetting outputs
2019-03-12_18-54-29/[DBG]/Parsed note 40 as 3
2019-03-12_18-54-29/[DBG]/Skipping over a message because there was no note value e/must be str, not NoneType
2019-03-12_18-54-29/[DBG]/Resetting outputs
2019-03-12_18-54-29/[DBG]/Parsed note 40 as 3
2019-03-12_18-54-29/[DBG]/Skipping over a message because there was no note value e/must be str, not NoneType
2019-03-12_18-54-29/[DBG]/Resetting outputs
2019-03-12_18-54-29/[DBG]/Parsed note 40 as 3
2019-03-12_18-54-29/[DBG]/Skipping over a message because there was no note value e/must be str, not NoneType
2019-03-12_18-54-29/[DBG]/Resetting outputs
2019-03-12_18-54-29/[DBG]/Parsed note 40 as 3
2019-03-12_18-54-29/[DBG]/Skipping over a message because there was no note value e/must be str, not NoneType
2019-03-12_18-54-29/[DBG]/Resetting outputs
2019-03-12_18-54-29/[DBG]/Parsed note 40 as 3
2019-03-12_18-54-29/[DBG]/Skipping over a message because there was no note value e/must be str, not NoneType
2019-03-12_18-54-29/[DBG]/Resetting outputs
2019-03-12_18-54-29/[DBG]/Parsed note 40 as 3
2019-03-12_18-54-29/[DBG]/Skipping over a message because there was no note value e/must be str, not NoneType
2019-03-12_18-54-29/[DBG]/Resetting outputs
2019-03-12_18-54-29/[DBG]/Parsed note 40 as 3
2019-03-12_18-54-29/[DBG]/Skipping over a message because there was no note value e/must be str, not NoneType
2019-03-12_18-54-29/[DBG]/Resetting outputs
2019-03-12_18-54-29/[DBG]/Parsed note 40 as 3
2019-03-12_18-54-29/[DBG]/Skipping over a message because there was no note value e/must be str, not NoneType
2019-03-12_18-54-29/[DBG]/Resetting outputs
2019-03-12_18-54-29/[DBG]/Parsed note 40 as 3
2019-03-12_18-54-29/[DBG]/Skipping over a message because there was no note value e/must be str, not NoneType
2019-03-12_18-54-29/[DBG]/Resetting outputs
2019-03-12_18-54-29/[DBG]/Parsed note 40 as 3
2019-03-12_18-54-29/[DBG]/Skipping over a message because there was no note value e/must be str, not NoneType
2019-03-12_18-54-29/[DBG]/Resetting outputs
2019-03-12_18-54-29/[DBG]/Parsed note 40 as 3
2019-03-12_18-54-29/[DBG]/Skipping over a message because there was no note value e/must be str, not NoneType
2019-03-12_18-54-29/[DBG]/Resetting outputs
2019-03-12_18-54-29/[DBG]/Parsed note 40 as 3
2019-03-12_18-54-29/[DBG]/Skipping over a message because there was no note value e/must be str, not NoneType
2019-03-12_18-54-29/[DBG]/Resetting outputs
2019-03-12_18-54-29/[DBG]/Parsed note 40 as 3
2019-03-12_18-54-29/[DBG]/Skipping over a message because there was no note value e/must be str, not NoneType
2019-03-12_18-54-29/[DBG]/Resetting outputs
2019-03-12_18-54-29/[DBG]/Parsed note 40 as 3
2019-03-12_18-54-29/[DBG]/Skipping over a message because there was no note value e/must be str, not NoneType
2019-03-12_18-54-29/[DBG]/Resetting outputs
2019-03-12_18-54-29/[DBG]/Parsed note 40 as 3
2019-03-12_18-54-29/[DBG]/Skipping over a message because there was no note value e/must be str, not NoneType
2019-03-12_18-54-29/[DBG]/Resetting outputs
2019-03-12_18-54-29/[DBG]/Parsed note 40 as 3
2019-03-12_18-54-29/[DBG]/Skipping over a message because there was no note value e/must be str, not NoneType
2019-03-12_18-54-29/[DBG]/Resetting outputs
2019-03-12_18-54-29/[DBG]/Parsed note 40 as 3
2019-03-12_18-54-29/[DBG]/Skipping over a message because there was no note value e/must be str, not NoneType
2019-03-12_18-54-29/[DBG]/Resetting outputs
2019-03-12_18-54-29/[DBG]/Parsed note 40 as 3
2019-03-12_18-54-29/[DBG]/Skipping over a message because there was no note value e/must be str, not NoneType
2019-03-12_18-54-29/[DBG]/Resetting outputs
2019-03-12_18-54-29/[DBG]/Parsed note 40 as 3
2019-03-12_18-54-29/[DBG]/Skipping over a message because there was no note value e/must be str, not NoneType
2019-03-12_18-54-29/[DBG]/Resetting outputs
2019-03-12_18-54-29/[DBG]/Parsed note 40 as 3
2019-03-12_18-54-29/[DBG]/Skipping over a message because there was no note value e/must be str, not NoneType
2019-03-12_18-54-29/[DBG]/Resetting outputs
2019-03-12_18-54-29/[DBG]/Parsed note 40 as 3
2019-03-12_18-54-29/[DBG]/Skipping over a message because there was no note value e/must be str, not NoneType
2019-03-12_18-54-29/[DBG]/Resetting outputs
2019-03-12_18-54-29/[DBG]/Parsed note 40 as 3
2019-03-12_18-54-29/[DBG]/Skipping over a message because there was no note value e/must be str, not NoneType
2019-03-12_18-54-29/[DBG]/Resetting outputs
2019-03-12_18-54-29/[DBG]/Parsed note 40 as 3
2019-03-12_18-54-29/[DBG]/Skipping over a message because there was no note value e/must be str, not NoneType
2019-03-12_18-54-29/[DBG]/Resetting outputs
2019-03-12_18-54-29/[DBG]/Parsed note 40 as 3
2019-03-12_18-54-29/[DBG]/Skipping over a message because there was no note value e/must be str, not NoneType
2019-03-12_18-54-29/[DBG]/Resetting outputs
2019-03-12_18-54-29/[DBG]/Parsed note 40 as 3
2019-03-12_18-54-29/[DBG]/Skipping over a message because there was no note value e/must be str, not NoneType
2019-03-12_18-54-29/[DBG]/Resetting outputs
2019-03-12_18-54-29/[DBG]/Parsed note 40 as 3
2019-03-12_18-54-29/[DBG]/Skipping over a message because there was no note value e/must be str, not NoneType
2019-03-12_18-54-29/[DBG]/Resetting outputs
2019-03-12_18-54-29/[DBG]/Parsed note 40 as 3
2019-03-12_18-54-29/[DBG]/Skipping over a message because there was no note value e/must be str, not NoneType
2019-03-12_18-54-29/[DBG]/Resetting outputs
2019-03-12_18-54-30/[DBG]/Parsed note 40 as 3
2019-03-12_18-54-30/[DBG]/Skipping over a message because there was no note value e/must be str, not NoneType
2019-03-12_18-54-30/[DBG]/Resetting outputs
2019-03-12_18-54-30/[DBG]/Parsed note 40 as 3
2019-03-12_18-54-30/[DBG]/Skipping over a message because there was no note value e/must be str, not NoneType
2019-03-12_18-54-30/[DBG]/Resetting outputs
2019-03-12_18-54-30/[DBG]/Parsed note 40 as 3
2019-03-12_18-54-30/[DBG]/Skipping over a message because there was no note value e/must be str, not NoneType
2019-03-12_18-54-30/[DBG]/Resetting outputs
2019-03-12_18-54-30/[DBG]/Parsed note 40 as 3
2019-03-12_18-54-30/[DBG]/Skipping over a message because there was no note value e/must be str, not NoneType
2019-03-12_18-54-30/[DBG]/Resetting outputs
2019-03-12_18-54-30/[DBG]/Parsed note 40 as 3
2019-03-12_18-54-30/[DBG]/Skipping over a message because there was no note value e/must be str, not NoneType
2019-03-12_18-54-30/[DBG]/Resetting outputs
2019-03-12_18-54-30/[DBG]/Parsed note 40 as 3
2019-03-12_18-54-30/[DBG]/Skipping over a message because there was no note value e/must be str, not NoneType
2019-03-12_18-54-30/[DBG]/Resetting outputs
2019-03-12_18-54-30/[DBG]/Parsed note 40 as 3
2019-03-12_18-54-30/[DBG]/Skipping over a message because there was no note value e/must be str, not NoneType
2019-03-12_18-54-30/[DBG]/Resetting outputs
2019-03-12_18-54-30/[DBG]/Parsed note 40 as 3
2019-03-12_18-54-30/[DBG]/Skipping over a message because there was no note value e/must be str, not NoneType
2019-03-12_18-54-30/[DBG]/Resetting outputs
2019-03-12_18-54-30/[DBG]/Parsed note 40 as 3
2019-03-12_18-54-30/[DBG]/Skipping over a message because there was no note value e/must be str, not NoneType
2019-03-12_18-54-30/[DBG]/Resetting outputs
2019-03-12_18-54-30/[DBG]/Parsed note 40 as 3
2019-03-12_18-54-30/[DBG]/Skipping over a message because there was no note value e/must be str, not NoneType
2019-03-12_18-54-30/[DBG]/Resetting outputs
2019-03-12_18-54-30/[DBG]/Parsed note 40 as 3
2019-03-12_18-54-30/[DBG]/Skipping over a message because there was no note value e/must be str, not NoneType
2019-03-12_18-54-30/[DBG]/Resetting outputs
2019-03-12_18-54-30/[DBG]/Parsed note 40 as 3
2019-03-12_18-54-30/[DBG]/Skipping over a message because there was no note value e/must be str, not NoneType
2019-03-12_18-54-30/[DBG]/Resetting outputs
2019-03-12_18-54-30/[DBG]/Parsed note 40 as 3
2019-03-12_18-54-30/[DBG]/Skipping over a message because there was no note value e/must be str, not NoneType
2019-03-12_18-54-30/[DBG]/Resetting outputs
2019-03-12_18-54-30/[DBG]/Parsed note 40 as 3
2019-03-12_18-54-30/[DBG]/Skipping over a message because there was no note value e/must be str, not NoneType
2019-03-12_18-54-30/[DBG]/Resetting outputs
2019-03-12_18-54-30/[DBG]/Parsed note 40 as 3
2019-03-12_18-54-30/[DBG]/Skipping over a message because there was no note value e/must be str, not NoneType
2019-03-12_18-54-30/[DBG]/Resetting outputs
2019-03-12_18-54-30/[DBG]/Parsed note 40 as 3
2019-03-12_18-54-30/[DBG]/Skipping over a message because there was no note value e/must be str, not NoneType
2019-03-12_18-54-30/[DBG]/Resetting outputs
2019-03-12_18-54-30/[DBG]/Parsed note 40 as 3
2019-03-12_18-54-30/[DBG]/Skipping over a message because there was no note value e/must be str, not NoneType
2019-03-12_18-54-30/[DBG]/Resetting outputs
2019-03-12_18-54-30/[DBG]/Parsed note 40 as 3
2019-03-12_18-54-30/[DBG]/Skipping over a message because there was no note value e/must be str, not NoneType
2019-03-12_18-54-30/[DBG]/Resetting outputs
2019-03-12_18-54-30/[DBG]/Parsed note 40 as 3
2019-03-12_18-54-30/[DBG]/Skipping over a message because there was no note value e/must be str, not NoneType
2019-03-12_18-54-30/[DBG]/Resetting outputs
2019-03-12_18-54-30/[DBG]/Parsed note 40 as 3
2019-03-12_18-54-30/[DBG]/Skipping over a message because there was no note value e/must be str, not NoneType
2019-03-12_18-54-30/[DBG]/Resetting outputs
2019-03-12_18-54-30/[DBG]/Parsed note 40 as 3
2019-03-12_18-54-30/[DBG]/Skipping over a message because there was no note value e/must be str, not NoneType
2019-03-12_18-54-30/[DBG]/Resetting outputs
2019-03-12_18-54-30/[DBG]/Parsed note 40 as 3
2019-03-12_18-54-30/[DBG]/Skipping over a message because there was no note value e/must be str, not NoneType
2019-03-12_18-54-30/[DBG]/Resetting outputs
2019-03-12_18-54-30/[DBG]/Parsed note 40 as 3
2019-03-12_18-54-30/[DBG]/Skipping over a message because there was no note value e/must be str, not NoneType
2019-03-12_18-54-30/[DBG]/Resetting outputs
2019-03-12_18-54-30/[DBG]/Parsed note 40 as 3
2019-03-12_18-54-30/[DBG]/Skipping over a message because there was no note value e/must be str, not NoneType
2019-03-12_18-54-30/[DBG]/Resetting outputs
2019-03-12_18-54-30/[DBG]/Parsed note 40 as 3
2019-03-12_18-54-30/[DBG]/Skipping over a message because there was no note value e/must be str, not NoneType
2019-03-12_18-54-30/[DBG]/Resetting outputs
2019-03-12_18-54-30/[DBG]/Parsed note 40 as 3
2019-03-12_18-54-30/[DBG]/Skipping over a message because there was no note value e/must be str, not NoneType
2019-03-12_18-54-30/[DBG]/Resetting outputs
2019-03-12_18-54-30/[DBG]/Parsed note 40 as 3
2019-03-12_18-54-30/[DBG]/Skipping over a message because there was no note value e/must be str, not NoneType
2019-03-12_18-54-30/[DBG]/Resetting outputs
2019-03-12_18-54-30/[DBG]/Parsed note 40 as 3
2019-03-12_18-54-30/[DBG]/Skipping over a message because there was no note value e/must be str, not NoneType
2019-03-12_18-54-30/[DBG]/Resetting outputs
2019-03-12_18-54-30/[DBG]/Parsed note 40 as 3
2019-03-12_18-54-30/[DBG]/Skipping over a message because there was no note value e/must be str, not NoneType
2019-03-12_18-54-30/[DBG]/Resetting outputs
2019-03-12_18-54-30/[DBG]/Parsed note 40 as 3
2019-03-12_18-54-30/[DBG]/Skipping over a message because there was no note value e/must be str, not NoneType
2019-03-12_18-54-30/[DBG]/Resetting outputs
2019-03-12_18-54-30/[DBG]/Parsed note 40 as 3
2019-03-12_18-54-30/[DBG]/Skipping over a message because there was no note value e/must be str, not NoneType
2019-03-12_18-54-30/[DBG]/Resetting outputs
2019-03-12_18-54-30/[DBG]/Parsed note 40 as 3
2019-03-12_18-54-30/[DBG]/Skipping over a message because there was no note value e/must be str, not NoneType
2019-03-12_18-54-30/[DBG]/Resetting outputs
2019-03-12_18-54-30/[DBG]/Parsed note 40 as 3
2019-03-12_18-54-30/[DBG]/Skipping over a message because there was no note value e/must be str, not NoneType
2019-03-12_18-54-30/[DBG]/Resetting outputs
2019-03-12_18-54-30/[DBG]/Parsed note 40 as 3
2019-03-12_18-54-30/[DBG]/Skipping over a message because there was no note value e/must be str, not NoneType
2019-03-12_18-54-30/[DBG]/Resetting outputs
2019-03-12_18-54-30/[DBG]/Parsed note 40 as 3
2019-03-12_18-54-30/[DBG]/Skipping over a message because there was no note value e/must be str, not NoneType
2019-03-12_18-54-30/[DBG]/Resetting outputs
2019-03-12_18-54-30/[DBG]/Parsed note 40 as 3
2019-03-12_18-54-30/[DBG]/Skipping over a message because there was no note value e/must be str, not NoneType
2019-03-12_18-54-30/[DBG]/Resetting outputs
2019-03-12_18-54-30/[DBG]/Parsed note 40 as 3
2019-03-12_18-54-30/[DBG]/Skipping over a message because there was no note value e/must be str, not NoneType
2019-03-12_18-54-30/[DBG]/Resetting outputs
2019-03-12_18-54-30/[DBG]/Parsed note 40 as 3
2019-03-12_18-54-30/[DBG]/Skipping over a message because there was no note value e/must be str, not NoneType
2019-03-12_18-54-30/[DBG]/Resetting outputs
2019-03-12_18-54-30/[DBG]/Parsed note 40 as 3
2019-03-12_18-54-30/[DBG]/Skipping over a message because there was no note value e/must be str, not NoneType
2019-03-12_18-54-30/[DBG]/Resetting outputs
2019-03-12_18-54-30/[DBG]/Parsed note 40 as 3
2019-03-12_18-54-30/[DBG]/Skipping over a message because there was no note value e/must be str, not NoneType
2019-03-12_18-54-30/[DBG]/Resetting outputs
2019-03-12_18-54-30/[DBG]/Parsed note 40 as 3
2019-03-12_18-54-30/[DBG]/Skipping over a message because there was no note value e/must be str, not NoneType
2019-03-12_18-54-30/[DBG]/Resetting outputs
2019-03-12_18-54-30/[DBG]/Parsed note 40 as 3
2019-03-12_18-54-30/[DBG]/Skipping over a message because there was no note value e/must be str, not NoneType
2019-03-12_18-54-30/[DBG]/Resetting outputs
2019-03-12_18-54-30/[DBG]/Parsed note 40 as 3
2019-03-12_18-54-30/[DBG]/Skipping over a message because there was no note value e/must be str, not NoneType
2019-03-12_18-54-30/[DBG]/Resetting outputs
2019-03-12_18-54-30/[DBG]/Parsed note 52 as 0
2019-03-12_18-54-30/[DBG]/Skipping over a message because there was no note value e/must be str, not NoneType
2019-03-12_18-54-30/[DBG]/Parsed note 57 as e
2019-03-12_18-54-30/[DBG]/Skipping over a message because there was no note value e/must be str, not NoneType
2019-03-12_18-54-30/[DBG]/Parsed note 61 as T
2019-03-12_18-54-30/[DBG]/Skipping over a message because there was no note value e/must be str, not NoneType
2019-03-12_18-54-30/[WRN]/Skipped note with value 33 because it was out of range
2019-03-12_18-54-30/[DBG]/Parsed note 45 as 6
2019-03-12_18-54-30/[DBG]/Skipping over a message because there was no note value e/must be str, not NoneType
2019-03-12_18-54-30/[DBG]/Resetting outputs
2019-03-12_18-54-30/[DBG]/Parsed note 52 as 0
2019-03-12_18-54-30/[DBG]/Skipping over a message because there was no note value e/must be str, not NoneType
2019-03-12_18-54-30/[DBG]/Parsed note 57 as e
2019-03-12_18-54-30/[DBG]/Skipping over a message because there was no note value e/must be str, not NoneType
2019-03-12_18-54-30/[DBG]/Parsed note 61 as T
2019-03-12_18-54-30/[DBG]/Skipping over a message because there was no note value e/must be str, not NoneType
2019-03-12_18-54-30/[WRN]/Skipped note with value 33 because it was out of range
2019-03-12_18-54-30/[DBG]/Parsed note 45 as 6
2019-03-12_18-54-30/[DBG]/Skipping over a message because there was no note value e/must be str, not NoneType
2019-03-12_18-54-30/[DBG]/Resetting outputs
2019-03-12_18-54-30/[DBG]/Parsed note 52 as 0
2019-03-12_18-54-30/[DBG]/Skipping over a message because there was no note value e/must be str, not NoneType
2019-03-12_18-54-30/[DBG]/Parsed note 57 as e
2019-03-12_18-54-30/[DBG]/Skipping over a message because there was no note value e/must be str, not NoneType
2019-03-12_18-54-30/[DBG]/Parsed note 61 as T
2019-03-12_18-54-30/[DBG]/Skipping over a message because there was no note value e/must be str, not NoneType
2019-03-12_18-54-30/[WRN]/Skipped note with value 33 because it was out of range
2019-03-12_18-54-30/[DBG]/Parsed note 45 as 6
2019-03-12_18-54-30/[DBG]/Skipping over a message because there was no note value e/must be str, not NoneType
2019-03-12_18-54-30/[DBG]/Resetting outputs
2019-03-12_18-54-30/[DBG]/Parsed note 52 as 0
2019-03-12_18-54-30/[DBG]/Skipping over a message because there was no note value e/must be str, not NoneType
2019-03-12_18-54-30/[DBG]/Parsed note 57 as e
2019-03-12_18-54-30/[DBG]/Skipping over a message because there was no note value e/must be str, not NoneType
2019-03-12_18-54-30/[DBG]/Parsed note 61 as T
2019-03-12_18-54-30/[DBG]/Skipping over a message because there was no note value e/must be str, not NoneType
2019-03-12_18-54-30/[WRN]/Skipped note with value 33 because it was out of range
2019-03-12_18-54-30/[DBG]/Parsed note 45 as 6
2019-03-12_18-54-30/[DBG]/Skipping over a message because there was no note value e/must be str, not NoneType
2019-03-12_18-54-30/[DBG]/Resetting outputs
2019-03-12_18-54-30/[DBG]/Parsed note 52 as 0
2019-03-12_18-54-30/[DBG]/Skipping over a message because there was no note value e/must be str, not NoneType
2019-03-12_18-54-30/[DBG]/Parsed note 57 as e
2019-03-12_18-54-30/[DBG]/Skipping over a message because there was no note value e/must be str, not NoneType
2019-03-12_18-54-30/[DBG]/Parsed note 61 as T
2019-03-12_18-54-31/[DBG]/Skipping over a message because there was no note value e/must be str, not NoneType
2019-03-12_18-54-31/[WRN]/Skipped note with value 33 because it was out of range
2019-03-12_18-54-31/[DBG]/Parsed note 45 as 6
2019-03-12_18-54-31/[DBG]/Skipping over a message because there was no note value e/must be str, not NoneType
2019-03-12_18-54-31/[DBG]/Resetting outputs
2019-03-12_18-54-31/[DBG]/Parsed note 52 as 0
2019-03-12_18-54-31/[DBG]/Skipping over a message because there was no note value e/must be str, not NoneType
2019-03-12_18-54-31/[DBG]/Parsed note 57 as e
2019-03-12_18-54-31/[DBG]/Skipping over a message because there was no note value e/must be str, not NoneType
2019-03-12_18-54-31/[DBG]/Parsed note 61 as T
2019-03-12_18-54-31/[DBG]/Skipping over a message because there was no note value e/must be str, not NoneType
2019-03-12_18-54-31/[WRN]/Skipped note with value 33 because it was out of range
2019-03-12_18-54-31/[DBG]/Parsed note 45 as 6
2019-03-12_18-54-31/[DBG]/Skipping over a message because there was no note value e/must be str, not NoneType
2019-03-12_18-54-31/[DBG]/Resetting outputs
2019-03-12_18-54-31/[DBG]/Parsed note 52 as 0
2019-03-12_18-54-31/[DBG]/Skipping over a message because there was no note value e/must be str, not NoneType
2019-03-12_18-54-31/[DBG]/Parsed note 57 as e
2019-03-12_18-54-31/[DBG]/Skipping over a message because there was no note value e/must be str, not NoneType
2019-03-12_18-54-31/[DBG]/Parsed note 61 as T
2019-03-12_18-54-31/[DBG]/Skipping over a message because there was no note value e/must be str, not NoneType
2019-03-12_18-54-31/[WRN]/Skipped note with value 33 because it was out of range
2019-03-12_18-54-31/[DBG]/Parsed note 45 as 6
2019-03-12_18-54-31/[DBG]/Skipping over a message because there was no note value e/must be str, not NoneType
2019-03-12_18-54-31/[DBG]/Resetting outputs
2019-03-12_18-54-31/[DBG]/Parsed note 52 as 0
2019-03-12_18-54-31/[DBG]/Skipping over a message because there was no note value e/must be str, not NoneType
2019-03-12_18-54-31/[DBG]/Parsed note 57 as e
2019-03-12_18-54-31/[DBG]/Skipping over a message because there was no note value e/must be str, not NoneType
2019-03-12_18-54-31/[DBG]/Parsed note 61 as T
2019-03-12_18-54-31/[DBG]/Skipping over a message because there was no note value e/must be str, not NoneType
2019-03-12_18-54-31/[WRN]/Skipped note with value 33 because it was out of range
2019-03-12_18-54-31/[DBG]/Parsed note 45 as 6
2019-03-12_18-54-31/[DBG]/Skipping over a message because there was no note value e/must be str, not NoneType
2019-03-12_18-54-31/[DBG]/Resetting outputs
2019-03-12_18-54-31/[DBG]/Parsed note 52 as 0
2019-03-12_18-54-31/[DBG]/Skipping over a message because there was no note value e/must be str, not NoneType
2019-03-12_18-54-31/[DBG]/Parsed note 57 as e
2019-03-12_18-54-31/[DBG]/Skipping over a message because there was no note value e/must be str, not NoneType
2019-03-12_18-54-31/[DBG]/Parsed note 61 as T
2019-03-12_18-54-31/[DBG]/Skipping over a message because there was no note value e/must be str, not NoneType
2019-03-12_18-54-31/[WRN]/Skipped note with value 33 because it was out of range
2019-03-12_18-54-31/[DBG]/Parsed note 45 as 6
2019-03-12_18-54-31/[DBG]/Skipping over a message because there was no note value e/must be str, not NoneType
2019-03-12_18-54-31/[DBG]/Resetting outputs
2019-03-12_18-54-31/[DBG]/Parsed note 52 as 0
2019-03-12_18-54-31/[DBG]/Skipping over a message because there was no note value e/must be str, not NoneType
2019-03-12_18-54-31/[DBG]/Parsed note 57 as e
2019-03-12_18-54-31/[DBG]/Skipping over a message because there was no note value e/must be str, not NoneType
2019-03-12_18-54-31/[DBG]/Parsed note 61 as T
2019-03-12_18-54-31/[DBG]/Skipping over a message because there was no note value e/must be str, not NoneType
2019-03-12_18-54-31/[WRN]/Skipped note with value 33 because it was out of range
2019-03-12_18-54-31/[DBG]/Parsed note 45 as 6
2019-03-12_18-54-31/[DBG]/Skipping over a message because there was no note value e/must be str, not NoneType
2019-03-12_18-54-31/[DBG]/Resetting outputs
2019-03-12_18-54-31/[DBG]/Parsed note 51 as (
2019-03-12_18-54-31/[DBG]/Skipping over a message because there was no note value e/must be str, not NoneType
2019-03-12_18-54-31/[DBG]/Parsed note 56 as W
2019-03-12_18-54-31/[DBG]/Skipping over a message because there was no note value e/must be str, not NoneType
2019-03-12_18-54-31/[DBG]/Parsed note 59 as r
2019-03-12_18-54-31/[DBG]/Skipping over a message because there was no note value e/must be str, not NoneType
2019-03-12_18-54-31/[WRN]/Skipped note with value 32 because it was out of range
2019-03-12_18-54-31/[DBG]/Parsed note 44 as %
2019-03-12_18-54-31/[DBG]/Skipping over a message because there was no note value e/must be str, not NoneType
2019-03-12_18-54-31/[DBG]/Resetting outputs
2019-03-12_18-54-31/[DBG]/Parsed note 51 as (
2019-03-12_18-54-31/[DBG]/Skipping over a message because there was no note value e/must be str, not NoneType
2019-03-12_18-54-31/[DBG]/Parsed note 56 as W
2019-03-12_18-54-31/[DBG]/Skipping over a message because there was no note value e/must be str, not NoneType
2019-03-12_18-54-31/[DBG]/Parsed note 59 as r
2019-03-12_18-54-31/[DBG]/Skipping over a message because there was no note value e/must be str, not NoneType
2019-03-12_18-54-31/[WRN]/Skipped note with value 32 because it was out of range
2019-03-12_18-54-31/[DBG]/Parsed note 44 as %
2019-03-12_18-54-31/[DBG]/Skipping over a message because there was no note value e/must be str, not NoneType
2019-03-12_18-54-31/[DBG]/Resetting outputs
2019-03-12_18-54-31/[DBG]/Parsed note 56 as W
2019-03-12_18-54-31/[DBG]/Skipping over a message because there was no note value e/must be str, not NoneType
2019-03-12_18-54-31/[DBG]/Parsed note 61 as T
2019-03-12_18-54-31/[DBG]/Skipping over a message because there was no note value e/must be str, not NoneType
2019-03-12_18-54-31/[DBG]/Parsed note 64 as u
2019-03-12_18-54-31/[DBG]/Skipping over a message because there was no note value e/must be str, not NoneType
2019-03-12_18-54-31/[DBG]/Parsed note 37 as !
2019-03-12_18-54-31/[DBG]/Skipping over a message because there was no note value e/must be str, not NoneType
2019-03-12_18-54-31/[DBG]/Parsed note 49 as *
2019-03-12_18-54-31/[DBG]/Skipping over a message because there was no note value e/must be str, not NoneType
2019-03-12_18-54-31/[DBG]/Resetting outputs
2019-03-12_18-54-31/[DBG]/Parsed note 56 as W
2019-03-12_18-54-31/[DBG]/Skipping over a message because there was no note value e/must be str, not NoneType
2019-03-12_18-54-31/[DBG]/Parsed note 61 as T
2019-03-12_18-54-31/[DBG]/Skipping over a message because there was no note value e/must be str, not NoneType
2019-03-12_18-54-31/[DBG]/Parsed note 64 as u
2019-03-12_18-54-31/[DBG]/Skipping over a message because there was no note value e/must be str, not NoneType
2019-03-12_18-54-31/[DBG]/Resetting outputs
2019-03-12_18-54-31/[DBG]/Parsed note 73 as v
2019-03-12_18-54-31/[DBG]/Skipping over a message because there was no note value e/must be str, not NoneType
2019-03-12_18-54-31/[DBG]/Parsed note 78 as m
2019-03-12_18-54-31/[DBG]/Skipping over a message because there was no note value e/must be str, not NoneType
2019-03-12_18-54-31/[DBG]/Resetting outputs
2019-03-12_18-54-31/[DBG]/Parsed note 73 as v
2019-03-12_18-54-31/[DBG]/Skipping over a message because there was no note value e/must be str, not NoneType
2019-03-12_18-54-31/[DBG]/Parsed note 78 as m
2019-03-12_18-54-31/[DBG]/Skipping over a message because there was no note value e/must be str, not NoneType
2019-03-12_18-54-31/[DBG]/Resetting outputs
2019-03-12_18-54-31/[DBG]/Parsed note 71 as a
2019-03-12_18-54-31/[DBG]/Skipping over a message because there was no note value e/must be str, not NoneType
2019-03-12_18-54-31/[DBG]/Parsed note 76 as B
2019-03-12_18-54-31/[DBG]/Skipping over a message because there was no note value e/must be str, not NoneType
2019-03-12_18-54-31/[DBG]/Resetting outputs
2019-03-12_18-54-31/[DBG]/Parsed note 71 as a
2019-03-12_18-54-31/[DBG]/Skipping over a message because there was no note value e/must be str, not NoneType
2019-03-12_18-54-31/[DBG]/Parsed note 76 as B
2019-03-12_18-54-31/[DBG]/Skipping over a message because there was no note value e/must be str, not NoneType
2019-03-12_18-54-31/[DBG]/Resetting outputs
2019-03-12_18-54-31/[DBG]/Parsed note 68 as O
2019-03-12_18-54-31/[DBG]/Skipping over a message because there was no note value e/must be str, not NoneType
2019-03-12_18-54-31/[DBG]/Parsed note 73 as v
2019-03-12_18-54-31/[DBG]/Skipping over a message because there was no note value e/must be str, not NoneType
2019-03-12_18-54-31/[DBG]/Resetting outputs
2019-03-12_18-54-31/[DBG]/Parsed note 68 as O
2019-03-12_18-54-31/[DBG]/Skipping over a message because there was no note value e/must be str, not NoneType
2019-03-12_18-54-31/[DBG]/Parsed note 73 as v
2019-03-12_18-54-31/[DBG]/Skipping over a message because there was no note value e/must be str, not NoneType
2019-03-12_18-54-31/[DBG]/Resetting outputs
2019-03-12_18-54-31/[DBG]/Parsed note 71 as a
2019-03-12_18-54-31/[DBG]/Skipping over a message because there was no note value e/must be str, not NoneType
2019-03-12_18-54-31/[DBG]/Parsed note 76 as B
2019-03-12_18-54-31/[DBG]/Skipping over a message because there was no note value e/must be str, not NoneType
2019-03-12_18-54-31/[DBG]/Resetting outputs
2019-03-12_18-54-31/[DBG]/Parsed note 71 as a
2019-03-12_18-54-31/[DBG]/Skipping over a message because there was no note value e/must be str, not NoneType
2019-03-12_18-54-31/[DBG]/Parsed note 76 as B
2019-03-12_18-54-31/[DBG]/Skipping over a message because there was no note value e/must be str, not NoneType
2019-03-12_18-54-31/[DBG]/Resetting outputs
2019-03-12_18-54-31/[DBG]/Parsed note 73 as v
2019-03-12_18-54-31/[DBG]/Skipping over a message because there was no note value e/must be str, not NoneType
2019-03-12_18-54-31/[DBG]/Parsed note 78 as m
2019-03-12_18-54-31/[DBG]/Skipping over a message because there was no note value e/must be str, not NoneType
2019-03-12_18-54-31/[DBG]/Resetting outputs
2019-03-12_18-54-31/[DBG]/Parsed note 73 as v
2019-03-12_18-54-31/[DBG]/Skipping over a message because there was no note value e/must be str, not NoneType
2019-03-12_18-54-31/[DBG]/Parsed note 78 as m
2019-03-12_18-54-31/[DBG]/Skipping over a message because there was no note value e/must be str, not NoneType
2019-03-12_18-54-31/[DBG]/Resetting outputs
2019-03-12_18-54-31/[DBG]/Parsed note 71 as a
2019-03-12_18-54-31/[DBG]/Skipping over a message because there was no note value e/must be str, not NoneType
2019-03-12_18-54-31/[DBG]/Parsed note 76 as B
2019-03-12_18-54-31/[DBG]/Skipping over a message because there was no note value e/must be str, not NoneType
2019-03-12_18-54-31/[DBG]/Resetting outputs
2019-03-12_18-54-31/[DBG]/Parsed note 71 as a
2019-03-12_18-54-31/[DBG]/Skipping over a message because there was no note value e/must be str, not NoneType
2019-03-12_18-54-31/[DBG]/Parsed note 76 as B
2019-03-12_18-54-31/[DBG]/Skipping over a message because there was no note value e/must be str, not NoneType
2019-03-12_18-54-31/[DBG]/Resetting outputs
2019-03-12_18-54-31/[DBG]/Parsed note 68 as O
2019-03-12_18-54-31/[DBG]/Skipping over a message because there was no note value e/must be str, not NoneType
2019-03-12_18-54-31/[DBG]/Parsed note 73 as v
2019-03-12_18-54-31/[DBG]/Skipping over a message because there was no note value e/must be str, not NoneType
2019-03-12_18-54-31/[DBG]/Resetting outputs
2019-03-12_18-54-31/[DBG]/Parsed note 68 as O
2019-03-12_18-54-31/[DBG]/Skipping over a message because there was no note value e/must be str, not NoneType
2019-03-12_18-54-31/[DBG]/Parsed note 73 as v
2019-03-12_18-54-31/[DBG]/Skipping over a message because there was no note value e/must be str, not NoneType
2019-03-12_18-54-32/[DBG]/Resetting outputs
2019-03-12_18-54-32/[DBG]/Parsed note 71 as a
2019-03-12_18-54-32/[DBG]/Skipping over a message because there was no note value e/must be str, not NoneType
2019-03-12_18-54-32/[DBG]/Parsed note 76 as B
2019-03-12_18-54-32/[DBG]/Skipping over a message because there was no note value e/must be str, not NoneType
2019-03-12_18-54-32/[DBG]/Resetting outputs
2019-03-12_18-54-32/[DBG]/Parsed note 71 as a
2019-03-12_18-54-32/[DBG]/Skipping over a message because there was no note value e/must be str, not NoneType
2019-03-12_18-54-32/[DBG]/Parsed note 76 as B
2019-03-12_18-54-32/[DBG]/Skipping over a message because there was no note value e/must be str, not NoneType
2019-03-12_18-54-32/[DBG]/Resetting outputs
2019-03-12_18-54-32/[DBG]/Parsed note 73 as v
2019-03-12_18-54-32/[DBG]/Skipping over a message because there was no note value e/must be str, not NoneType
2019-03-12_18-54-32/[DBG]/Parsed note 78 as m
2019-03-12_18-54-32/[DBG]/Skipping over a message because there was no note value e/must be str, not NoneType
2019-03-12_18-54-32/[DBG]/Resetting outputs
2019-03-12_18-54-32/[DBG]/Parsed note 73 as v
2019-03-12_18-54-32/[DBG]/Skipping over a message because there was no note value e/must be str, not NoneType
2019-03-12_18-54-32/[DBG]/Parsed note 78 as m
2019-03-12_18-54-32/[DBG]/Skipping over a message because there was no note value e/must be str, not NoneType
2019-03-12_18-54-32/[DBG]/Resetting outputs
2019-03-12_18-54-32/[DBG]/Parsed note 71 as a
2019-03-12_18-54-32/[DBG]/Skipping over a message because there was no note value e/must be str, not NoneType
2019-03-12_18-54-32/[DBG]/Parsed note 76 as B
2019-03-12_18-54-32/[DBG]/Skipping over a message because there was no note value e/must be str, not NoneType
2019-03-12_18-54-32/[DBG]/Resetting outputs
2019-03-12_18-54-32/[DBG]/Parsed note 71 as a
2019-03-12_18-54-32/[DBG]/Skipping over a message because there was no note value e/must be str, not NoneType
2019-03-12_18-54-32/[DBG]/Parsed note 76 as B
2019-03-12_18-54-32/[DBG]/Skipping over a message because there was no note value e/must be str, not NoneType
2019-03-12_18-54-32/[DBG]/Resetting outputs
2019-03-12_18-54-32/[DBG]/Parsed note 68 as O
2019-03-12_18-54-32/[DBG]/Skipping over a message because there was no note value e/must be str, not NoneType
2019-03-12_18-54-32/[DBG]/Parsed note 73 as v
2019-03-12_18-54-32/[DBG]/Skipping over a message because there was no note value e/must be str, not NoneType
2019-03-12_18-54-32/[DBG]/Resetting outputs
2019-03-12_18-54-32/[DBG]/Parsed note 68 as O
2019-03-12_18-54-32/[DBG]/Skipping over a message because there was no note value e/must be str, not NoneType
2019-03-12_18-54-32/[DBG]/Parsed note 73 as v
2019-03-12_18-54-32/[DBG]/Skipping over a message because there was no note value e/must be str, not NoneType
2019-03-12_18-54-32/[DBG]/Resetting outputs
2019-03-12_18-54-32/[DBG]/Parsed note 66 as I
2019-03-12_18-54-32/[DBG]/Skipping over a message because there was no note value e/must be str, not NoneType
2019-03-12_18-54-32/[DBG]/Parsed note 71 as a
2019-03-12_18-54-32/[DBG]/Skipping over a message because there was no note value e/must be str, not NoneType
2019-03-12_18-54-32/[DBG]/Resetting outputs
2019-03-12_18-54-32/[DBG]/Parsed note 66 as I
2019-03-12_18-54-32/[DBG]/Skipping over a message because there was no note value e/must be str, not NoneType
2019-03-12_18-54-32/[DBG]/Parsed note 71 as a
2019-03-12_18-54-32/[DBG]/Skipping over a message because there was no note value e/must be str, not NoneType
2019-03-12_18-54-32/[DBG]/Resetting outputs
2019-03-12_18-54-32/[DBG]/Parsed note 68 as O
2019-03-12_18-54-32/[DBG]/Skipping over a message because there was no note value e/must be str, not NoneType
2019-03-12_18-54-32/[DBG]/Parsed note 73 as v
2019-03-12_18-54-32/[DBG]/Skipping over a message because there was no note value e/must be str, not NoneType
2019-03-12_18-54-32/[DBG]/Resetting outputs
2019-03-12_18-54-32/[DBG]/Parsed note 68 as O
2019-03-12_18-54-32/[DBG]/Skipping over a message because there was no note value e/must be str, not NoneType
2019-03-12_18-54-32/[DBG]/Parsed note 73 as v
2019-03-12_18-54-32/[DBG]/Skipping over a message because there was no note value e/must be str, not NoneType
2019-03-12_18-54-32/[DBG]/Resetting outputs
2019-03-12_18-54-32/[DBG]/Parsed note 66 as I
2019-03-12_18-54-32/[DBG]/Skipping over a message because there was no note value e/must be str, not NoneType
2019-03-12_18-54-32/[DBG]/Parsed note 71 as a
2019-03-12_18-54-32/[DBG]/Skipping over a message because there was no note value e/must be str, not NoneType
2019-03-12_18-54-32/[DBG]/Resetting outputs
2019-03-12_18-54-32/[DBG]/Parsed note 66 as I
2019-03-12_18-54-32/[DBG]/Skipping over a message because there was no note value e/must be str, not NoneType
2019-03-12_18-54-32/[DBG]/Parsed note 71 as a
2019-03-12_18-54-32/[DBG]/Skipping over a message because there was no note value e/must be str, not NoneType
2019-03-12_18-54-32/[DBG]/Resetting outputs
2019-03-12_18-54-32/[DBG]/Parsed note 68 as O
2019-03-12_18-54-32/[DBG]/Skipping over a message because there was no note value e/must be str, not NoneType
2019-03-12_18-54-32/[DBG]/Parsed note 73 as v
2019-03-12_18-54-32/[DBG]/Skipping over a message because there was no note value e/must be str, not NoneType
2019-03-12_18-54-32/[DBG]/Resetting outputs
2019-03-12_18-54-32/[DBG]/Parsed note 68 as O
2019-03-12_18-54-32/[DBG]/Skipping over a message because there was no note value e/must be str, not NoneType
2019-03-12_18-54-32/[DBG]/Parsed note 73 as v
2019-03-12_18-54-32/[DBG]/Skipping over a message because there was no note value e/must be str, not NoneType
2019-03-12_18-54-32/[DBG]/Resetting outputs
2019-03-12_18-54-32/[DBG]/Parsed note 73 as v
2019-03-12_18-54-32/[DBG]/Skipping over a message because there was no note value e/must be str, not NoneType
2019-03-12_18-54-32/[DBG]/Parsed note 78 as m
2019-03-12_18-54-32/[DBG]/Skipping over a message because there was no note value e/must be str, not NoneType
2019-03-12_18-54-32/[DBG]/Resetting outputs
2019-03-12_18-54-32/[DBG]/Parsed note 73 as v
2019-03-12_18-54-32/[DBG]/Skipping over a message because there was no note value e/must be str, not NoneType
2019-03-12_18-54-32/[DBG]/Parsed note 78 as m
2019-03-12_18-54-32/[DBG]/Skipping over a message because there was no note value e/must be str, not NoneType
2019-03-12_18-54-32/[DBG]/Resetting outputs
2019-03-12_18-54-32/[DBG]/Parsed note 71 as a
2019-03-12_18-54-32/[DBG]/Skipping over a message because there was no note value e/must be str, not NoneType
2019-03-12_18-54-32/[DBG]/Parsed note 76 as B
2019-03-12_18-54-32/[DBG]/Skipping over a message because there was no note value e/must be str, not NoneType
2019-03-12_18-54-32/[DBG]/Resetting outputs
2019-03-12_18-54-32/[DBG]/Parsed note 37 as !
2019-03-12_18-54-32/[DBG]/Skipping over a message because there was no note value e/must be str, not NoneType
2019-03-12_18-54-32/[DBG]/Parsed note 49 as *
2019-03-12_18-54-32/[DBG]/Skipping over a message because there was no note value e/must be str, not NoneType
2019-03-12_18-54-32/[DBG]/Resetting outputs
2019-03-12_18-54-32/[DBG]/Parsed note 71 as a
2019-03-12_18-54-32/[DBG]/Skipping over a message because there was no note value e/must be str, not NoneType
2019-03-12_18-54-32/[DBG]/Parsed note 76 as B
2019-03-12_18-54-32/[DBG]/Skipping over a message because there was no note value e/must be str, not NoneType
2019-03-12_18-54-32/[DBG]/Resetting outputs
2019-03-12_18-54-32/[DBG]/Parsed note 52 as 0
2019-03-12_18-54-32/[DBG]/Skipping over a message because there was no note value e/must be str, not NoneType
2019-03-12_18-54-32/[DBG]/Parsed note 57 as e
2019-03-12_18-54-32/[DBG]/Skipping over a message because there was no note value e/must be str, not NoneType
2019-03-12_18-54-32/[DBG]/Parsed note 61 as T
2019-03-12_18-54-32/[DBG]/Skipping over a message because there was no note value e/must be str, not NoneType
2019-03-12_18-54-32/[WRN]/Skipped note with value 33 because it was out of range
2019-03-12_18-54-32/[DBG]/Parsed note 45 as 6
2019-03-12_18-54-32/[DBG]/Skipping over a message because there was no note value e/must be str, not NoneType
2019-03-12_18-54-32/[DBG]/Resetting outputs
2019-03-12_18-54-32/[DBG]/Parsed note 52 as 0
2019-03-12_18-54-32/[DBG]/Skipping over a message because there was no note value e/must be str, not NoneType
2019-03-12_18-54-32/[DBG]/Parsed note 57 as e
2019-03-12_18-54-32/[DBG]/Skipping over a message because there was no note value e/must be str, not NoneType
2019-03-12_18-54-32/[DBG]/Parsed note 61 as T
2019-03-12_18-54-32/[DBG]/Skipping over a message because there was no note value e/must be str, not NoneType
2019-03-12_18-54-32/[WRN]/Skipped note with value 33 because it was out of range
2019-03-12_18-54-32/[DBG]/Parsed note 45 as 6
2019-03-12_18-54-32/[DBG]/Skipping over a message because there was no note value e/must be str, not NoneType
2019-03-12_18-54-32/[DBG]/Resetting outputs
2019-03-12_18-54-32/[DBG]/Parsed note 52 as 0
2019-03-12_18-54-32/[DBG]/Skipping over a message because there was no note value e/must be str, not NoneType
2019-03-12_18-54-32/[DBG]/Parsed note 57 as e
2019-03-12_18-54-32/[DBG]/Skipping over a message because there was no note value e/must be str, not NoneType
2019-03-12_18-54-32/[DBG]/Parsed note 61 as T
2019-03-12_18-54-32/[DBG]/Skipping over a message because there was no note value e/must be str, not NoneType
2019-03-12_18-54-32/[WRN]/Skipped note with value 33 because it was out of range
2019-03-12_18-54-32/[DBG]/Parsed note 45 as 6
2019-03-12_18-54-32/[DBG]/Skipping over a message because there was no note value e/must be str, not NoneType
2019-03-12_18-54-32/[DBG]/Resetting outputs
2019-03-12_18-54-32/[DBG]/Parsed note 52 as 0
2019-03-12_18-54-32/[DBG]/Skipping over a message because there was no note value e/must be str, not NoneType
2019-03-12_18-54-32/[DBG]/Parsed note 57 as e
2019-03-12_18-54-32/[DBG]/Skipping over a message because there was no note value e/must be str, not NoneType
2019-03-12_18-54-32/[DBG]/Parsed note 61 as T
2019-03-12_18-54-32/[DBG]/Skipping over a message because there was no note value e/must be str, not NoneType
2019-03-12_18-54-32/[WRN]/Skipped note with value 33 because it was out of range
