2019-03-12_18-41-00/[INF]/Please toggle to the virtualpiano window. You have 5 seconds.
2019-03-12_18-41-05/[INF]/Starting playback of midi file
2019-03-12_18-41-05/[DBG]/Skipping over a message because there was no note value e/'Message' object has no attribute 'note'
2019-03-12_18-41-05/[DBG]/Skipping over a message because there was no note value e/'Message' object has no attribute 'note'
2019-03-12_18-41-05/[DBG]/Skipping over a message because there was no note value e/'Message' object has no attribute 'note'
2019-03-12_18-41-05/[DBG]/Skipping over a message because there was no note value e/'Message' object has no attribute 'note'
2019-03-12_18-41-05/[DBG]/Skipping over a message because there was no note value e/'Message' object has no attribute 'note'
2019-03-12_18-41-05/[DBG]/Skipping over a message because there was no note value e/'Message' object has no attribute 'note'
2019-03-12_18-41-05/[DBG]/Parsed note 40 as 3
2019-03-12_18-41-05/[DBG]/Parsed note 40 as 3
2019-03-12_18-41-06/[DBG]/Parsed note 40 as 3
2019-03-12_18-41-06/[DBG]/Parsed note 40 as 3
2019-03-12_18-41-06/[DBG]/Parsed note 40 as 3
2019-03-12_18-41-06/[DBG]/Parsed note 40 as 3
2019-03-12_18-41-07/[DBG]/Parsed note 40 as 3
2019-03-12_18-41-07/[DBG]/Parsed note 40 as 3
2019-03-12_18-41-07/[DBG]/Parsed note 40 as 3
2019-03-12_18-41-08/[DBG]/Parsed note 40 as 3
2019-03-12_18-41-08/[DBG]/Parsed note 40 as 3
2019-03-12_18-41-08/[DBG]/Parsed note 40 as 3
2019-03-12_18-41-08/[DBG]/Parsed note 40 as 3
2019-03-12_18-41-09/[DBG]/Parsed note 40 as 3
2019-03-12_18-41-09/[DBG]/Parsed note 40 as 3
2019-03-12_18-41-09/[DBG]/Parsed note 40 as 3
2019-03-12_18-41-10/[DBG]/Parsed note 40 as 3
2019-03-12_18-41-10/[DBG]/Parsed note 40 as 3
2019-03-12_18-41-10/[DBG]/Parsed note 40 as 3
2019-03-12_18-41-11/[DBG]/Parsed note 40 as 3
2019-03-12_18-41-11/[DBG]/Parsed note 40 as 3
2019-03-12_18-41-11/[DBG]/Parsed note 40 as 3
2019-03-12_18-41-12/[DBG]/Parsed note 40 as 3
2019-03-12_18-41-12/[DBG]/Parsed note 40 as 3
2019-03-12_18-41-12/[DBG]/Parsed note 40 as 3
2019-03-12_18-41-12/[DBG]/Parsed note 40 as 3
2019-03-12_18-41-12/[DBG]/Parsed note 40 as 3
2019-03-12_18-41-13/[DBG]/Parsed note 40 as 3
2019-03-12_18-41-13/[DBG]/Parsed note 40 as 3
2019-03-12_18-41-14/[DBG]/Parsed note 40 as 3
2019-03-12_18-41-14/[DBG]/Parsed note 40 as 3
2019-03-12_18-41-14/[DBG]/Parsed note 40 as 3
2019-03-12_18-41-14/[DBG]/Parsed note 40 as 3
2019-03-12_18-41-15/[DBG]/Parsed note 40 as 3
2019-03-12_18-41-15/[DBG]/Parsed note 40 as 3
2019-03-12_18-41-15/[DBG]/Parsed note 40 as 3
2019-03-12_18-41-15/[DBG]/Parsed note 40 as 3
2019-03-12_18-41-15/[DBG]/Parsed note 40 as 3
2019-03-12_18-41-16/[DBG]/Parsed note 40 as 3
2019-03-12_18-41-16/[DBG]/Parsed note 40 as 3
2019-03-12_18-41-16/[DBG]/Parsed note 40 as 3
2019-03-12_18-41-16/[DBG]/Parsed note 40 as 3
2019-03-12_18-41-16/[DBG]/Parsed note 40 as 3
2019-03-12_18-41-17/[DBG]/Parsed note 40 as 3
2019-03-12_18-41-17/[DBG]/Parsed note 40 as 3
2019-03-12_18-41-17/[DBG]/Parsed note 40 as 3
2019-03-12_18-41-17/[DBG]/Parsed note 40 as 3
2019-03-12_18-41-18/[DBG]/Parsed note 40 as 3
2019-03-12_18-41-18/[DBG]/Parsed note 40 as 3
2019-03-12_18-41-18/[DBG]/Parsed note 40 as 3
2019-03-12_18-41-18/[DBG]/Parsed note 40 as 3
2019-03-12_18-41-18/[DBG]/Parsed note 40 as 3
2019-03-12_18-41-19/[DBG]/Parsed note 40 as 3
2019-03-12_18-41-19/[DBG]/Parsed note 40 as 3
2019-03-12_18-41-19/[DBG]/Parsed note 40 as 3
2019-03-12_18-41-19/[DBG]/Parsed note 40 as 3
2019-03-12_18-41-19/[DBG]/Parsed note 40 as 3
2019-03-12_18-41-20/[DBG]/Parsed note 40 as 3
2019-03-12_18-41-20/[DBG]/Parsed note 40 as 3
2019-03-12_18-41-20/[DBG]/Parsed note 40 as 3
2019-03-12_18-41-20/[DBG]/Parsed note 40 as 3
2019-03-12_18-41-21/[DBG]/Parsed note 40 as 3
2019-03-12_18-41-21/[DBG]/Parsed note 40 as 3
2019-03-12_18-41-21/[DBG]/Parsed note 40 as 3
2019-03-12_18-41-21/[DBG]/Parsed note 40 as 3
2019-03-12_18-41-21/[DBG]/Parsed note 40 as 3
2019-03-12_18-41-22/[DBG]/Parsed note 40 as 3
2019-03-12_18-41-22/[DBG]/Parsed note 40 as 3
2019-03-12_18-41-22/[DBG]/Parsed note 40 as 3
2019-03-12_18-41-22/[DBG]/Parsed note 40 as 3
2019-03-12_18-41-22/[DBG]/Parsed note 40 as 3
2019-03-12_18-41-23/[DBG]/Parsed note 40 as 3
2019-03-12_18-41-23/[DBG]/Parsed note 40 as 3
2019-03-12_18-41-23/[DBG]/Parsed note 40 as 3
2019-03-12_18-41-23/[DBG]/Parsed note 40 as 3
2019-03-12_18-41-24/[DBG]/Parsed note 40 as 3
2019-03-12_18-41-24/[DBG]/Parsed note 52 as 0
2019-03-12_18-41-24/[DBG]/Parsed note 57 as e
2019-03-12_18-41-24/[DBG]/Parsed note 61 as T
2019-03-12_18-41-24/[WRN]/Skipped note with value 33 because it was out of range
2019-03-12_18-41-24/[DBG]/Parsed note 45 as 6
2019-03-12_18-41-25/[DBG]/Parsed note 52 as 0
2019-03-12_18-41-25/[DBG]/Parsed note 57 as e
2019-03-12_18-41-25/[DBG]/Parsed note 61 as T
2019-03-12_18-41-25/[WRN]/Skipped note with value 33 because it was out of range
2019-03-12_18-41-25/[DBG]/Parsed note 45 as 6
2019-03-12_18-41-25/[DBG]/Parsed note 52 as 0
2019-03-12_18-41-25/[DBG]/Parsed note 57 as e
2019-03-12_18-41-25/[DBG]/Parsed note 61 as T
2019-03-12_18-41-25/[WRN]/Skipped note with value 33 because it was out of range
2019-03-12_18-41-25/[DBG]/Parsed note 45 as 6
2019-03-12_18-41-26/[DBG]/Parsed note 52 as 0
2019-03-12_18-41-26/[DBG]/Parsed note 57 as e
2019-03-12_18-41-26/[DBG]/Parsed note 61 as T
2019-03-12_18-41-26/[WRN]/Skipped note with value 33 because it was out of range
2019-03-12_18-41-26/[DBG]/Parsed note 45 as 6
2019-03-12_18-41-26/[DBG]/Parsed note 52 as 0
2019-03-12_18-41-26/[DBG]/Parsed note 57 as e
2019-03-12_18-41-27/[DBG]/Parsed note 61 as T
2019-03-12_18-41-27/[WRN]/Skipped note with value 33 because it was out of range
2019-03-12_18-41-27/[DBG]/Parsed note 45 as 6
2019-03-12_18-41-27/[DBG]/Parsed note 52 as 0
2019-03-12_18-41-27/[DBG]/Parsed note 57 as e
2019-03-12_18-41-27/[DBG]/Parsed note 61 as T
2019-03-12_18-41-27/[WRN]/Skipped note with value 33 because it was out of range
2019-03-12_18-41-27/[DBG]/Parsed note 45 as 6
2019-03-12_18-41-28/[DBG]/Parsed note 52 as 0
2019-03-12_18-41-28/[DBG]/Parsed note 57 as e
2019-03-12_18-41-28/[DBG]/Parsed note 61 as T
2019-03-12_18-41-28/[WRN]/Skipped note with value 33 because it was out of range
2019-03-12_18-41-28/[DBG]/Parsed note 45 as 6
2019-03-12_18-41-28/[DBG]/Parsed note 52 as 0
2019-03-12_18-41-28/[DBG]/Parsed note 57 as e
2019-03-12_18-41-28/[DBG]/Parsed note 61 as T
2019-03-12_18-41-28/[WRN]/Skipped note with value 33 because it was out of range
2019-03-12_18-41-28/[DBG]/Parsed note 45 as 6
2019-03-12_18-41-29/[DBG]/Parsed note 52 as 0
2019-03-12_18-41-29/[DBG]/Parsed note 57 as e
2019-03-12_18-41-29/[DBG]/Parsed note 61 as T
2019-03-12_18-41-29/[WRN]/Skipped note with value 33 because it was out of range
2019-03-12_18-41-29/[DBG]/Parsed note 45 as 6
2019-03-12_18-41-29/[DBG]/Parsed note 52 as 0
2019-03-12_18-41-29/[DBG]/Parsed note 57 as e
2019-03-12_18-41-30/[DBG]/Parsed note 61 as T
2019-03-12_18-41-30/[WRN]/Skipped note with value 33 because it was out of range
2019-03-12_18-41-30/[DBG]/Parsed note 45 as 6
2019-03-12_18-41-30/[DBG]/Parsed note 51 as (
2019-03-12_18-41-30/[DBG]/Parsed note 56 as W
2019-03-12_18-41-30/[DBG]/Parsed note 59 as r
2019-03-12_18-41-30/[WRN]/Skipped note with value 32 because it was out of range
2019-03-12_18-41-30/[DBG]/Parsed note 44 as %
2019-03-12_18-41-31/[DBG]/Parsed note 51 as (
2019-03-12_18-41-31/[DBG]/Parsed note 56 as W
2019-03-12_18-41-31/[DBG]/Parsed note 59 as r
2019-03-12_18-41-31/[WRN]/Skipped note with value 32 because it was out of range
2019-03-12_18-41-31/[DBG]/Parsed note 44 as %
2019-03-12_18-41-31/[DBG]/Parsed note 56 as W
2019-03-12_18-41-31/[DBG]/Parsed note 61 as T
2019-03-12_18-41-31/[DBG]/Parsed note 64 as u
2019-03-12_18-41-31/[DBG]/Parsed note 37 as !
2019-03-12_18-41-31/[DBG]/Parsed note 49 as *
2019-03-12_18-41-32/[DBG]/Parsed note 56 as W
2019-03-12_18-41-32/[DBG]/Parsed note 61 as T
2019-03-12_18-41-32/[DBG]/Parsed note 64 as u
2019-03-12_18-41-32/[DBG]/Parsed note 73 as v
2019-03-12_18-41-32/[DBG]/Parsed note 78 as m
2019-03-12_18-41-33/[DBG]/Parsed note 73 as v
2019-03-12_18-41-33/[DBG]/Parsed note 78 as m
2019-03-12_18-41-33/[DBG]/Parsed note 71 as a
2019-03-12_18-41-33/[DBG]/Parsed note 76 as B
2019-03-12_18-41-33/[DBG]/Parsed note 71 as a
2019-03-12_18-41-33/[DBG]/Parsed note 76 as B
2019-03-12_18-41-33/[DBG]/Parsed note 68 as O
2019-03-12_18-41-33/[DBG]/Parsed note 73 as v
2019-03-12_18-41-34/[DBG]/Parsed note 68 as O
2019-03-12_18-41-34/[DBG]/Parsed note 73 as v
2019-03-12_18-41-34/[DBG]/Parsed note 71 as a
2019-03-12_18-41-34/[DBG]/Parsed note 76 as B
2019-03-12_18-41-34/[DBG]/Parsed note 71 as a
2019-03-12_18-41-34/[DBG]/Parsed note 76 as B
2019-03-12_18-41-35/[DBG]/Parsed note 73 as v
2019-03-12_18-41-35/[DBG]/Parsed note 78 as m
2019-03-12_18-41-35/[DBG]/Parsed note 73 as v
2019-03-12_18-41-35/[DBG]/Parsed note 78 as m
2019-03-12_18-41-35/[DBG]/Parsed note 71 as a
2019-03-12_18-41-35/[DBG]/Parsed note 76 as B
2019-03-12_18-41-35/[DBG]/Parsed note 71 as a
2019-03-12_18-41-36/[DBG]/Parsed note 76 as B
2019-03-12_18-41-36/[DBG]/Parsed note 68 as O
2019-03-12_18-41-36/[DBG]/Parsed note 73 as v
2019-03-12_18-41-36/[DBG]/Parsed note 68 as O
2019-03-12_18-41-36/[DBG]/Parsed note 73 as v
2019-03-12_18-41-36/[DBG]/Parsed note 71 as a
2019-03-12_18-41-36/[DBG]/Parsed note 76 as B
2019-03-12_18-41-37/[DBG]/Parsed note 71 as a
2019-03-12_18-41-37/[DBG]/Parsed note 76 as B
2019-03-12_18-41-37/[DBG]/Parsed note 73 as v
2019-03-12_18-41-37/[DBG]/Parsed note 78 as m
2019-03-12_18-41-37/[DBG]/Parsed note 73 as v
2019-03-12_18-41-37/[DBG]/Parsed note 78 as m
2019-03-12_18-41-37/[DBG]/Parsed note 71 as a
2019-03-12_18-41-38/[DBG]/Parsed note 76 as B
2019-03-12_18-41-38/[DBG]/Parsed note 71 as a
2019-03-12_18-41-38/[DBG]/Parsed note 76 as B
2019-03-12_18-41-38/[DBG]/Parsed note 68 as O
2019-03-12_18-41-38/[DBG]/Parsed note 73 as v
2019-03-12_18-41-38/[DBG]/Parsed note 68 as O
2019-03-12_18-41-39/[DBG]/Parsed note 73 as v
2019-03-12_18-41-39/[DBG]/Parsed note 66 as I
2019-03-12_18-41-39/[DBG]/Parsed note 71 as a
2019-03-12_18-41-39/[DBG]/Parsed note 66 as I
2019-03-12_18-41-39/[DBG]/Parsed note 71 as a
2019-03-12_18-41-39/[DBG]/Parsed note 68 as O
2019-03-12_18-41-39/[DBG]/Parsed note 73 as v
2019-03-12_18-41-40/[DBG]/Parsed note 68 as O
2019-03-12_18-41-40/[DBG]/Parsed note 73 as v
2019-03-12_18-41-40/[DBG]/Parsed note 66 as I
2019-03-12_18-41-40/[DBG]/Parsed note 71 as a
2019-03-12_18-41-40/[DBG]/Parsed note 66 as I
2019-03-12_18-41-40/[DBG]/Parsed note 71 as a
2019-03-12_18-41-40/[DBG]/Parsed note 68 as O
2019-03-12_18-41-41/[DBG]/Parsed note 73 as v
2019-03-12_18-41-41/[DBG]/Parsed note 68 as O
2019-03-12_18-41-41/[DBG]/Parsed note 73 as v
2019-03-12_18-41-41/[DBG]/Parsed note 73 as v
2019-03-12_18-41-41/[DBG]/Parsed note 78 as m
2019-03-12_18-41-41/[DBG]/Parsed note 73 as v
2019-03-12_18-41-42/[DBG]/Parsed note 78 as m
2019-03-12_18-41-42/[DBG]/Parsed note 71 as a
2019-03-12_18-41-42/[DBG]/Parsed note 76 as B
2019-03-12_18-41-42/[DBG]/Parsed note 37 as !
2019-03-12_18-41-42/[DBG]/Parsed note 49 as *
2019-03-12_18-41-42/[DBG]/Parsed note 71 as a
2019-03-12_18-41-43/[DBG]/Parsed note 76 as B
2019-03-12_18-41-43/[DBG]/Parsed note 52 as 0
2019-03-12_18-41-43/[DBG]/Parsed note 57 as e
2019-03-12_18-41-43/[DBG]/Parsed note 61 as T
2019-03-12_18-41-43/[WRN]/Skipped note with value 33 because it was out of range
2019-03-12_18-41-43/[DBG]/Parsed note 45 as 6
2019-03-12_18-41-44/[DBG]/Parsed note 52 as 0
2019-03-12_18-41-44/[DBG]/Parsed note 57 as e
2019-03-12_18-41-44/[DBG]/Parsed note 61 as T
2019-03-12_18-41-44/[WRN]/Skipped note with value 33 because it was out of range
2019-03-12_18-41-44/[DBG]/Parsed note 45 as 6
2019-03-12_18-41-44/[DBG]/Parsed note 52 as 0
2019-03-12_18-41-44/[DBG]/Parsed note 57 as e
2019-03-12_18-41-44/[DBG]/Parsed note 61 as T
2019-03-12_18-41-44/[WRN]/Skipped note with value 33 because it was out of range
2019-03-12_18-41-44/[DBG]/Parsed note 45 as 6
2019-03-12_18-41-45/[DBG]/Parsed note 52 as 0
2019-03-12_18-41-45/[DBG]/Parsed note 57 as e
2019-03-12_18-41-45/[DBG]/Parsed note 61 as T
2019-03-12_18-41-45/[WRN]/Skipped note with value 33 because it was out of range
2019-03-12_18-41-45/[DBG]/Parsed note 45 as 6
2019-03-12_18-41-45/[DBG]/Parsed note 52 as 0
2019-03-12_18-41-45/[DBG]/Parsed note 57 as e
2019-03-12_18-41-45/[DBG]/Parsed note 61 as T
2019-03-12_18-41-46/[WRN]/Skipped note with value 33 because it was out of range
2019-03-12_18-41-46/[DBG]/Parsed note 45 as 6
2019-03-12_18-41-46/[DBG]/Parsed note 52 as 0
2019-03-12_18-41-46/[DBG]/Parsed note 57 as e
2019-03-12_18-41-46/[DBG]/Parsed note 61 as T
2019-03-12_18-41-46/[WRN]/Skipped note with value 33 because it was out of range
2019-03-12_18-41-46/[DBG]/Parsed note 45 as 6
2019-03-12_18-41-46/[DBG]/Parsed note 52 as 0
2019-03-12_18-41-46/[DBG]/Parsed note 57 as e
2019-03-12_18-41-47/[DBG]/Parsed note 61 as T
2019-03-12_18-41-47/[WRN]/Skipped note with value 33 because it was out of range
2019-03-12_18-41-47/[DBG]/Parsed note 45 as 6
2019-03-12_18-41-47/[DBG]/Parsed note 52 as 0
2019-03-12_18-41-47/[DBG]/Parsed note 57 as e
2019-03-12_18-41-47/[DBG]/Parsed note 61 as T
2019-03-12_18-41-47/[WRN]/Skipped note with value 33 because it was out of range
2019-03-12_18-41-47/[DBG]/Parsed note 45 as 6
2019-03-12_18-41-47/[DBG]/Parsed note 52 as 0
2019-03-12_18-41-48/[DBG]/Parsed note 57 as e
2019-03-12_18-41-48/[DBG]/Parsed note 61 as T
2019-03-12_18-41-48/[WRN]/Skipped note with value 33 because it was out of range
2019-03-12_18-41-48/[DBG]/Parsed note 45 as 6
2019-03-12_18-41-48/[DBG]/Parsed note 52 as 0
2019-03-12_18-41-48/[DBG]/Parsed note 57 as e
2019-03-12_18-41-48/[DBG]/Parsed note 61 as T
2019-03-12_18-41-48/[WRN]/Skipped note with value 33 because it was out of range
2019-03-12_18-41-48/[DBG]/Parsed note 45 as 6
2019-03-12_18-41-49/[DBG]/Parsed note 51 as (
2019-03-12_18-41-49/[DBG]/Parsed note 56 as W
2019-03-12_18-41-49/[DBG]/Parsed note 59 as r
2019-03-12_18-41-49/[WRN]/Skipped note with value 32 because it was out of range
2019-03-12_18-41-49/[DBG]/Parsed note 44 as %
